{
"contracts\\helpers\\BEP20.sol":{"l":{},"path":"D:\\Fiverr\\picnic-v2\\Contracts\\contracts\\helpers\\BEP20.sol","s":{},"b":{},"f":{"1":0},"fnMap":{"1":{"name":"constructor","line":8,"loc":{"start":{"line":8,"column":0},"end":{"line":8,"column":56}}}},"statementMap":{},"branchMap":{}},
"contracts\\helpers\\PICNICToken.sol":{"l":{},"path":"D:\\Fiverr\\picnic-v2\\Contracts\\contracts\\helpers\\PICNICToken.sol","s":{},"b":{},"f":{"1":0},"fnMap":{"1":{"name":"constructor","line":8,"loc":{"start":{"line":8,"column":4},"end":{"line":8,"column":71}}}},"statementMap":{},"branchMap":{}},
"contracts\\helpers\\PresaleToken.sol":{"l":{},"path":"D:\\Fiverr\\picnic-v2\\Contracts\\contracts\\helpers\\PresaleToken.sol","s":{},"b":{},"f":{"1":66},"fnMap":{"1":{"name":"constructor","line":8,"loc":{"start":{"line":8,"column":4},"end":{"line":8,"column":68}}}},"statementMap":{},"branchMap":{}},
"contracts\\helpers\\TestCoin.sol":{"l":{},"path":"D:\\Fiverr\\picnic-v2\\Contracts\\contracts\\helpers\\TestCoin.sol","s":{},"b":{},"f":{"1":90},"fnMap":{"1":{"name":"constructor","line":7,"loc":{"start":{"line":7,"column":4},"end":{"line":7,"column":63}}}},"statementMap":{},"branchMap":{}},
"contracts\\helpers\\UniswapV2FactoryClone.sol":{"l":{},"path":"D:\\Fiverr\\picnic-v2\\Contracts\\contracts\\helpers\\UniswapV2FactoryClone.sol","s":{},"b":{},"f":{"1":0},"fnMap":{"1":{"name":"constructor","line":9,"loc":{"start":{"line":9,"column":4},"end":{"line":9,"column":77}}}},"statementMap":{},"branchMap":{}},
"contracts\\helpers\\UniswapV2PairClone.sol":{"l":{},"path":"D:\\Fiverr\\picnic-v2\\Contracts\\contracts\\helpers\\UniswapV2PairClone.sol","s":{},"b":{},"f":{},"fnMap":{},"statementMap":{},"branchMap":{}},
"contracts\\helpers\\UniswapV2Router02Clone.sol":{"l":{},"path":"D:\\Fiverr\\picnic-v2\\Contracts\\contracts\\helpers\\UniswapV2Router02Clone.sol","s":{},"b":{},"f":{"1":0},"fnMap":{"1":{"name":"constructor","line":10,"loc":{"start":{"line":9,"column":4},"end":{"line":10,"column":47}}}},"statementMap":{},"branchMap":{}},
"contracts\\helpers\\WETH9.sol":{"l":{"20":5,"21":5,"24":0,"25":0,"26":0,"27":0,"31":0,"35":0,"36":0,"37":0,"41":5,"48":5,"50":5,"51":0,"52":0,"55":5,"56":5,"58":5,"60":5},"path":"D:\\Fiverr\\picnic-v2\\Contracts\\contracts\\helpers\\WETH9.sol","s":{"1":5,"2":5,"3":0,"4":0,"5":0,"6":0,"7":0,"8":0,"9":0,"10":0,"11":5,"12":5,"13":5,"14":0,"15":0,"16":5,"17":5,"18":5,"19":5},"b":{"1":[0,0],"2":[5,0],"3":[0,5],"4":[0,0]},"f":{"1":5,"2":0,"3":0,"4":0,"5":5,"6":5},"fnMap":{"1":{"name":"deposit","line":19,"loc":{"start":{"line":19,"column":4},"end":{"line":22,"column":4}}},"2":{"name":"withdraw","line":23,"loc":{"start":{"line":23,"column":4},"end":{"line":28,"column":4}}},"3":{"name":"totalSupply","line":30,"loc":{"start":{"line":30,"column":4},"end":{"line":32,"column":4}}},"4":{"name":"approve","line":34,"loc":{"start":{"line":34,"column":4},"end":{"line":38,"column":4}}},"5":{"name":"transfer","line":40,"loc":{"start":{"line":40,"column":4},"end":{"line":42,"column":4}}},"6":{"name":"transferFrom","line":44,"loc":{"start":{"line":44,"column":4},"end":{"line":61,"column":4}}}},"statementMap":{"1":{"start":{"line":20,"column":8},"end":{"line":20,"column":41}},"2":{"start":{"line":21,"column":8},"end":{"line":21,"column":43}},"3":{"start":{"line":24,"column":8},"end":{"line":24,"column":48}},"4":{"start":{"line":25,"column":8},"end":{"line":25,"column":35}},"5":{"start":{"line":26,"column":8},"end":{"line":26,"column":31}},"6":{"start":{"line":27,"column":8},"end":{"line":27,"column":40}},"7":{"start":{"line":31,"column":8},"end":{"line":31,"column":36}},"8":{"start":{"line":35,"column":8},"end":{"line":35,"column":39}},"9":{"start":{"line":36,"column":8},"end":{"line":36,"column":43}},"10":{"start":{"line":37,"column":8},"end":{"line":37,"column":19}},"11":{"start":{"line":41,"column":8},"end":{"line":41,"column":49}},"12":{"start":{"line":48,"column":8},"end":{"line":48,"column":41}},"13":{"start":{"line":50,"column":8},"end":{"line":50,"column":1596}},"14":{"start":{"line":51,"column":12},"end":{"line":51,"column":57}},"15":{"start":{"line":52,"column":12},"end":{"line":52,"column":44}},"16":{"start":{"line":55,"column":8},"end":{"line":55,"column":28}},"17":{"start":{"line":56,"column":8},"end":{"line":56,"column":28}},"18":{"start":{"line":58,"column":8},"end":{"line":58,"column":36}},"19":{"start":{"line":60,"column":8},"end":{"line":60,"column":19}}},"branchMap":{"1":{"line":24,"type":"if","locations":[{"start":{"line":24,"column":8},"end":{"line":24,"column":8}},{"start":{"line":24,"column":8},"end":{"line":24,"column":8}}]},"2":{"line":48,"type":"if","locations":[{"start":{"line":48,"column":8},"end":{"line":48,"column":8}},{"start":{"line":48,"column":8},"end":{"line":48,"column":8}}]},"3":{"line":50,"type":"if","locations":[{"start":{"line":50,"column":8},"end":{"line":50,"column":8}},{"start":{"line":50,"column":8},"end":{"line":50,"column":8}}]},"4":{"line":51,"type":"if","locations":[{"start":{"line":51,"column":12},"end":{"line":51,"column":12}},{"start":{"line":51,"column":12},"end":{"line":51,"column":12}}]}}},
"contracts\\Launchpad\\Factory\\ILPLokcerManager.sol":{"l":{},"path":"D:\\Fiverr\\picnic-v2\\Contracts\\contracts\\Launchpad\\Factory\\ILPLokcerManager.sol","s":{},"b":{},"f":{},"fnMap":{},"statementMap":{},"branchMap":{}},
"contracts\\Launchpad\\Factory\\LaunchPadLib.sol":{"l":{},"path":"D:\\Fiverr\\picnic-v2\\Contracts\\contracts\\Launchpad\\Factory\\LaunchPadLib.sol","s":{},"b":{},"f":{},"fnMap":{},"statementMap":{},"branchMap":{}},
"contracts\\Launchpad\\Factory\\Launchpadv2.sol":{"l":{"37":15,"50":3,"52":3,"53":0,"56":3,"58":3,"60":3,"61":3,"62":3,"64":3,"65":3,"66":3,"68":3,"80":3,"89":3,"91":3,"92":1,"95":3,"97":3,"103":3,"116":3,"126":3,"127":3,"134":3,"135":3,"138":3,"145":1,"146":1,"151":1,"152":1,"156":2,"157":2,"159":1,"160":1,"165":1,"166":1,"169":1,"170":1},"path":"D:\\Fiverr\\picnic-v2\\Contracts\\contracts\\Launchpad\\Factory\\Launchpadv2.sol","s":{"1":15,"2":3,"3":3,"4":0,"5":3,"6":3,"7":3,"8":3,"9":3,"10":3,"11":3,"12":3,"13":3,"14":3,"15":3,"16":3,"17":1,"18":3,"19":3,"20":3,"21":3,"22":3,"23":3,"24":3,"25":3,"26":1,"27":1,"28":1,"29":1,"30":2,"31":2,"32":1,"33":1,"34":1,"35":1,"36":1,"37":1},"b":{"1":[3,0],"2":[0,3],"3":[0,0],"4":[3,0],"5":[3,0],"6":[3,0],"7":[3,0],"8":[3,0],"9":[3,0],"10":[3,0],"11":[3,0],"12":[3,0],"13":[1,2],"14":[1,0],"15":[3,0],"16":[1,1],"17":[1,0],"18":[1,0]},"f":{"1":15,"2":3,"3":3,"4":3,"5":1,"6":1,"7":2},"fnMap":{"1":{"name":"constructor","line":36,"loc":{"start":{"line":36,"column":4},"end":{"line":38,"column":4}}},"2":{"name":"validateCreateInput","line":40,"loc":{"start":{"line":40,"column":4},"end":{"line":70,"column":4}}},"3":{"name":"createPresale","line":72,"loc":{"start":{"line":72,"column":4},"end":{"line":130,"column":4}}},"4":{"name":"transferTokens","line":132,"loc":{"start":{"line":132,"column":4},"end":{"line":142,"column":4}}},"5":{"name":"whiteListUsersToStartProject","line":144,"loc":{"start":{"line":144,"column":4},"end":{"line":148,"column":4}}},"6":{"name":"updateFees","line":150,"loc":{"start":{"line":150,"column":4},"end":{"line":153,"column":4}}},"7":{"name":"withdrawBNBs","line":155,"loc":{"start":{"line":155,"column":4},"end":{"line":173,"column":4}}}},"statementMap":{"1":{"start":{"line":37,"column":8},"end":{"line":37,"column":47}},"2":{"start":{"line":50,"column":8},"end":{"line":50,"column":104}},"3":{"start":{"line":52,"column":8},"end":{"line":52,"column":1724}},"4":{"start":{"line":53,"column":12},"end":{"line":53,"column":111}},"5":{"start":{"line":56,"column":8},"end":{"line":56,"column":128}},"6":{"start":{"line":58,"column":8},"end":{"line":58,"column":85}},"7":{"start":{"line":60,"column":8},"end":{"line":60,"column":91}},"8":{"start":{"line":61,"column":8},"end":{"line":61,"column":109}},"9":{"start":{"line":62,"column":8},"end":{"line":62,"column":118}},"10":{"start":{"line":64,"column":8},"end":{"line":64,"column":127}},"11":{"start":{"line":65,"column":8},"end":{"line":65,"column":120}},"12":{"start":{"line":66,"column":8},"end":{"line":66,"column":130}},"13":{"start":{"line":68,"column":8},"end":{"line":68,"column":108}},"14":{"start":{"line":80,"column":12},"end":{"line":80,"column":3367}},"15":{"start":{"line":89,"column":8},"end":{"line":89,"column":96}},"16":{"start":{"line":91,"column":8},"end":{"line":91,"column":3735}},"17":{"start":{"line":92,"column":12},"end":{"line":92,"column":75}},"18":{"start":{"line":97,"column":8},"end":{"line":97,"column":3892}},"19":{"start":{"line":103,"column":8},"end":{"line":103,"column":4089}},"20":{"start":{"line":116,"column":8},"end":{"line":116,"column":4422}},"21":{"start":{"line":126,"column":8},"end":{"line":126,"column":72}},"22":{"start":{"line":127,"column":8},"end":{"line":127,"column":58}},"23":{"start":{"line":134,"column":8},"end":{"line":134,"column":78}},"24":{"start":{"line":135,"column":8},"end":{"line":135,"column":80}},"25":{"start":{"line":138,"column":8},"end":{"line":138,"column":5286}},"26":{"start":{"line":145,"column":8},"end":{"line":145,"column":5584}},"27":{"start":{"line":146,"column":12},"end":{"line":146,"column":64}},"28":{"start":{"line":151,"column":8},"end":{"line":151,"column":31}},"29":{"start":{"line":152,"column":8},"end":{"line":152,"column":45}},"30":{"start":{"line":156,"column":8},"end":{"line":156,"column":44}},"31":{"start":{"line":157,"column":8},"end":{"line":157,"column":51}},"32":{"start":{"line":159,"column":8},"end":{"line":159,"column":49}},"33":{"start":{"line":160,"column":8},"end":{"line":160,"column":46}},"34":{"start":{"line":165,"column":8},"end":{"line":165,"column":86}},"35":{"start":{"line":166,"column":8},"end":{"line":166,"column":46}},"36":{"start":{"line":169,"column":8},"end":{"line":169,"column":84}},"37":{"start":{"line":170,"column":8},"end":{"line":170,"column":48}}},"branchMap":{"1":{"line":50,"type":"if","locations":[{"start":{"line":50,"column":8},"end":{"line":50,"column":8}},{"start":{"line":50,"column":8},"end":{"line":50,"column":8}}]},"2":{"line":52,"type":"if","locations":[{"start":{"line":52,"column":8},"end":{"line":52,"column":8}},{"start":{"line":52,"column":8},"end":{"line":52,"column":8}}]},"3":{"line":53,"type":"if","locations":[{"start":{"line":53,"column":12},"end":{"line":53,"column":12}},{"start":{"line":53,"column":12},"end":{"line":53,"column":12}}]},"4":{"line":56,"type":"if","locations":[{"start":{"line":56,"column":8},"end":{"line":56,"column":8}},{"start":{"line":56,"column":8},"end":{"line":56,"column":8}}]},"5":{"line":58,"type":"if","locations":[{"start":{"line":58,"column":8},"end":{"line":58,"column":8}},{"start":{"line":58,"column":8},"end":{"line":58,"column":8}}]},"6":{"line":60,"type":"if","locations":[{"start":{"line":60,"column":8},"end":{"line":60,"column":8}},{"start":{"line":60,"column":8},"end":{"line":60,"column":8}}]},"7":{"line":61,"type":"if","locations":[{"start":{"line":61,"column":8},"end":{"line":61,"column":8}},{"start":{"line":61,"column":8},"end":{"line":61,"column":8}}]},"8":{"line":62,"type":"if","locations":[{"start":{"line":62,"column":8},"end":{"line":62,"column":8}},{"start":{"line":62,"column":8},"end":{"line":62,"column":8}}]},"9":{"line":64,"type":"if","locations":[{"start":{"line":64,"column":8},"end":{"line":64,"column":8}},{"start":{"line":64,"column":8},"end":{"line":64,"column":8}}]},"10":{"line":65,"type":"if","locations":[{"start":{"line":65,"column":8},"end":{"line":65,"column":8}},{"start":{"line":65,"column":8},"end":{"line":65,"column":8}}]},"11":{"line":66,"type":"if","locations":[{"start":{"line":66,"column":8},"end":{"line":66,"column":8}},{"start":{"line":66,"column":8},"end":{"line":66,"column":8}}]},"12":{"line":68,"type":"if","locations":[{"start":{"line":68,"column":8},"end":{"line":68,"column":8}},{"start":{"line":68,"column":8},"end":{"line":68,"column":8}}]},"13":{"line":91,"type":"if","locations":[{"start":{"line":91,"column":8},"end":{"line":91,"column":8}},{"start":{"line":91,"column":8},"end":{"line":91,"column":8}}]},"14":{"line":92,"type":"if","locations":[{"start":{"line":92,"column":12},"end":{"line":92,"column":12}},{"start":{"line":92,"column":12},"end":{"line":92,"column":12}}]},"15":{"line":138,"type":"if","locations":[{"start":{"line":138,"column":8},"end":{"line":138,"column":8}},{"start":{"line":138,"column":8},"end":{"line":138,"column":8}}]},"16":{"line":157,"type":"if","locations":[{"start":{"line":157,"column":8},"end":{"line":157,"column":8}},{"start":{"line":157,"column":8},"end":{"line":157,"column":8}}]},"17":{"line":166,"type":"if","locations":[{"start":{"line":166,"column":8},"end":{"line":166,"column":8}},{"start":{"line":166,"column":8},"end":{"line":166,"column":8}}]},"18":{"line":170,"type":"if","locations":[{"start":{"line":170,"column":8},"end":{"line":170,"column":8}},{"start":{"line":170,"column":8},"end":{"line":170,"column":8}}]}}},
"contracts\\Launchpad\\Factory\\Presale.sol":{"l":{"42":31,"43":31,"44":31,"45":1,"47":31,"48":31,"52":2,"53":1,"57":12,"62":12,"77":3,"79":3,"80":3,"82":3,"84":3,"85":3,"86":3,"87":3,"88":3,"89":3,"90":3,"96":31,"98":31,"102":30,"105":30,"107":0,"111":30,"112":0,"115":30,"116":9,"117":9,"120":30,"126":31,"128":30,"130":30,"132":30,"133":30,"135":30,"136":30,"138":30,"139":30,"145":1,"147":1,"153":1,"155":1,"157":1,"159":1,"161":1,"162":1,"164":1,"165":1,"166":1,"168":1,"169":1,"174":0,"175":0,"176":0,"177":0,"178":0,"179":0,"185":1,"186":1,"187":1,"192":1,"194":1,"196":1,"208":1,"209":1,"210":1,"216":1,"218":1,"219":1,"220":1,"222":1,"223":1,"224":1,"225":1,"229":1,"230":1,"235":1,"236":1,"238":1,"245":12,"247":12,"249":6,"250":6,"252":6,"254":6,"256":6,"257":6,"258":6,"260":6,"261":6,"264":0,"265":0,"266":0,"273":1,"277":1,"278":0,"280":0,"281":0,"282":0,"285":0,"286":0,"292":0,"293":0,"294":0,"295":0,"296":0,"299":0,"305":0,"306":0,"308":0,"309":0,"311":0,"319":0,"321":0,"322":0,"324":0,"326":0,"327":0,"332":0,"333":0,"338":0,"339":0,"344":0,"348":0,"352":0,"357":3,"359":3,"360":3,"362":3,"364":3,"365":3,"367":3,"368":3,"370":3,"374":3,"375":3,"379":3,"380":3},"path":"D:\\Fiverr\\picnic-v2\\Contracts\\contracts\\Launchpad\\Factory\\Presale.sol","s":{"1":31,"2":31,"3":31,"4":1,"5":31,"6":2,"7":12,"8":3,"9":3,"10":3,"11":3,"12":3,"13":3,"14":3,"15":3,"16":3,"17":3,"18":3,"19":31,"20":31,"21":30,"22":30,"23":0,"24":30,"25":0,"26":30,"27":9,"28":30,"29":31,"30":30,"31":30,"32":30,"33":30,"34":30,"35":30,"36":30,"37":30,"38":1,"39":1,"40":1,"41":1,"42":1,"43":1,"44":1,"45":1,"46":1,"47":1,"48":1,"49":1,"50":1,"51":0,"52":0,"53":0,"54":0,"55":0,"56":0,"57":1,"58":1,"59":1,"60":1,"61":1,"62":1,"63":1,"64":1,"65":1,"66":1,"67":1,"68":1,"69":1,"70":1,"71":1,"72":1,"73":1,"74":1,"75":1,"76":1,"77":1,"78":1,"79":12,"80":12,"81":6,"82":6,"83":6,"84":6,"85":6,"86":6,"87":6,"88":6,"89":0,"90":0,"91":0,"92":1,"93":1,"94":0,"95":0,"96":0,"97":0,"98":0,"99":0,"100":0,"101":0,"102":0,"103":0,"104":0,"105":0,"106":0,"107":0,"108":0,"109":0,"110":0,"111":0,"112":0,"113":0,"114":0,"115":0,"116":0,"117":0,"118":0,"119":0,"120":0,"121":0,"122":0,"123":0,"124":3,"125":3,"126":3,"127":3,"128":3,"129":3,"130":3,"131":3,"132":3,"133":3,"134":3,"135":3},"b":{"1":[31,0],"2":[31,0],"3":[1,30],"4":[31,0],"5":[1,1],"6":[12,0],"7":[30,1],"8":[30,0],"9":[0,30],"10":[0,0],"11":[0,30],"12":[0,0],"13":[9,21],"14":[9,0],"15":[30,0],"16":[30,0],"17":[1,0],"18":[1,0],"19":[1,0],"20":[1,0],"21":[1,0],"22":[1,0],"23":[6,6],"24":[6,0],"25":[6,0],"26":[6,0],"27":[6,0],"28":[0,0],"29":[0,0],"30":[0,1],"31":[0,0],"32":[0,0],"33":[0,0],"34":[0,0],"35":[0,0],"36":[0,0],"37":[0,0],"38":[0,0],"39":[0,0],"40":[3,0],"41":[3,0],"42":[3,0],"43":[3,0]},"f":{"1":31,"2":2,"3":12,"4":3,"5":31,"6":31,"7":1,"8":1,"9":1,"10":1,"11":1,"12":12,"13":1,"14":0,"15":0,"16":0,"17":0,"18":0,"19":0,"20":0,"21":0,"22":3},"fnMap":{"1":{"name":"isPresaleActive","line":41,"loc":{"start":{"line":41,"column":4},"end":{"line":49,"column":4}}},"2":{"name":"onlyPresaleOwner","line":51,"loc":{"start":{"line":51,"column":4},"end":{"line":54,"column":4}}},"3":{"name":"isPresaleEnded","line":56,"loc":{"start":{"line":56,"column":4},"end":{"line":63,"column":4}}},"4":{"name":"constructor","line":65,"loc":{"start":{"line":65,"column":4},"end":{"line":91,"column":4}}},"5":{"name":"validateBuyRequest","line":94,"loc":{"start":{"line":94,"column":4},"end":{"line":122,"column":4}}},"6":{"name":"buyTokensOnPresale","line":124,"loc":{"start":{"line":124,"column":4},"end":{"line":141,"column":4}}},"7":{"name":"finalizePresale","line":143,"loc":{"start":{"line":143,"column":4},"end":{"line":182,"column":4}}},"8":{"name":"extraTokensOnSeccess","line":184,"loc":{"start":{"line":184,"column":4},"end":{"line":188,"column":4}}},"9":{"name":"addLiquidity","line":190,"loc":{"start":{"line":190,"column":4},"end":{"line":204,"column":4}}},"10":{"name":"lockLiquidity","line":206,"loc":{"start":{"line":206,"column":4},"end":{"line":212,"column":4}}},"11":{"name":"distributeRevenue","line":214,"loc":{"start":{"line":214,"column":4},"end":{"line":241,"column":4}}},"12":{"name":"claimTokensOrARefund","line":243,"loc":{"start":{"line":243,"column":4},"end":{"line":269,"column":4}}},"13":{"name":"withdrawExtraTokens","line":271,"loc":{"start":{"line":271,"column":4},"end":{"line":289,"column":4}}},"14":{"name":"chageSaleType","line":291,"loc":{"start":{"line":291,"column":4},"end":{"line":301,"column":4}}},"15":{"name":"unlockTokens","line":303,"loc":{"start":{"line":303,"column":4},"end":{"line":315,"column":4}}},"16":{"name":"unlockLPTokens","line":317,"loc":{"start":{"line":317,"column":4},"end":{"line":329,"column":4}}},"17":{"name":"whiteListUsers","line":331,"loc":{"start":{"line":331,"column":4},"end":{"line":335,"column":4}}},"18":{"name":"removeWhiteListUsers","line":337,"loc":{"start":{"line":337,"column":4},"end":{"line":341,"column":4}}},"19":{"name":"getWhiteListUsers","line":343,"loc":{"start":{"line":343,"column":4},"end":{"line":345,"column":4}}},"20":{"name":"getWhiteListUsersCount","line":347,"loc":{"start":{"line":347,"column":4},"end":{"line":349,"column":4}}},"21":{"name":"isWhiteListed","line":351,"loc":{"start":{"line":351,"column":4},"end":{"line":353,"column":4}}},"22":{"name":"emergencyWithdraw","line":355,"loc":{"start":{"line":355,"column":4},"end":{"line":383,"column":4}}}},"statementMap":{"1":{"start":{"line":42,"column":8},"end":{"line":42,"column":99}},"2":{"start":{"line":43,"column":8},"end":{"line":43,"column":91}},"3":{"start":{"line":44,"column":8},"end":{"line":44,"column":1658}},"4":{"start":{"line":45,"column":12},"end":{"line":45,"column":76}},"5":{"start":{"line":47,"column":8},"end":{"line":47,"column":112}},"6":{"start":{"line":52,"column":8},"end":{"line":52,"column":108}},"7":{"start":{"line":57,"column":8},"end":{"line":57,"column":2164}},"8":{"start":{"line":77,"column":8},"end":{"line":77,"column":26}},"9":{"start":{"line":79,"column":8},"end":{"line":79,"column":51}},"10":{"start":{"line":80,"column":8},"end":{"line":80,"column":45}},"11":{"start":{"line":82,"column":8},"end":{"line":82,"column":88}},"12":{"start":{"line":84,"column":8},"end":{"line":84,"column":33}},"13":{"start":{"line":85,"column":8},"end":{"line":85,"column":53}},"14":{"start":{"line":86,"column":8},"end":{"line":86,"column":31}},"15":{"start":{"line":87,"column":8},"end":{"line":87,"column":35}},"16":{"start":{"line":88,"column":8},"end":{"line":88,"column":39}},"17":{"start":{"line":89,"column":8},"end":{"line":89,"column":29}},"18":{"start":{"line":90,"column":8},"end":{"line":90,"column":47}},"19":{"start":{"line":96,"column":8},"end":{"line":96,"column":84}},"20":{"start":{"line":98,"column":8},"end":{"line":98,"column":81}},"21":{"start":{"line":102,"column":8},"end":{"line":102,"column":122}},"22":{"start":{"line":105,"column":8},"end":{"line":105,"column":4061}},"23":{"start":{"line":107,"column":12},"end":{"line":107,"column":101}},"24":{"start":{"line":111,"column":8},"end":{"line":111,"column":4412}},"25":{"start":{"line":112,"column":12},"end":{"line":112,"column":177}},"26":{"start":{"line":115,"column":8},"end":{"line":115,"column":4705}},"27":{"start":{"line":116,"column":12},"end":{"line":116,"column":140}},"28":{"start":{"line":120,"column":8},"end":{"line":120,"column":165}},"29":{"start":{"line":126,"column":8},"end":{"line":126,"column":59}},"30":{"start":{"line":128,"column":8},"end":{"line":128,"column":127}},"31":{"start":{"line":130,"column":8},"end":{"line":130,"column":84}},"32":{"start":{"line":132,"column":8},"end":{"line":132,"column":89}},"33":{"start":{"line":133,"column":8},"end":{"line":133,"column":108}},"34":{"start":{"line":135,"column":8},"end":{"line":135,"column":63}},"35":{"start":{"line":136,"column":8},"end":{"line":136,"column":76}},"36":{"start":{"line":138,"column":8},"end":{"line":138,"column":47}},"37":{"start":{"line":139,"column":8},"end":{"line":139,"column":49}},"38":{"start":{"line":145,"column":8},"end":{"line":145,"column":112}},"39":{"start":{"line":147,"column":8},"end":{"line":147,"column":6187}},"40":{"start":{"line":153,"column":8},"end":{"line":153,"column":100}},"41":{"start":{"line":155,"column":8},"end":{"line":155,"column":6493}},"42":{"start":{"line":157,"column":12},"end":{"line":157,"column":97}},"43":{"start":{"line":159,"column":16},"end":{"line":159,"column":58}},"44":{"start":{"line":161,"column":16},"end":{"line":161,"column":63}},"45":{"start":{"line":162,"column":16},"end":{"line":162,"column":30}},"46":{"start":{"line":164,"column":16},"end":{"line":164,"column":61}},"47":{"start":{"line":165,"column":16},"end":{"line":165,"column":73}},"48":{"start":{"line":166,"column":16},"end":{"line":166,"column":64}},"49":{"start":{"line":168,"column":16},"end":{"line":168,"column":77}},"50":{"start":{"line":169,"column":16},"end":{"line":169,"column":36}},"51":{"start":{"line":174,"column":12},"end":{"line":174,"column":72}},"52":{"start":{"line":175,"column":12},"end":{"line":175,"column":93}},"53":{"start":{"line":176,"column":12},"end":{"line":176,"column":39}},"54":{"start":{"line":177,"column":12},"end":{"line":177,"column":39}},"55":{"start":{"line":178,"column":12},"end":{"line":178,"column":41}},"56":{"start":{"line":179,"column":12},"end":{"line":179,"column":32}},"57":{"start":{"line":185,"column":8},"end":{"line":185,"column":112}},"58":{"start":{"line":186,"column":8},"end":{"line":186,"column":90}},"59":{"start":{"line":187,"column":8},"end":{"line":187,"column":57}},"60":{"start":{"line":192,"column":8},"end":{"line":192,"column":85}},"61":{"start":{"line":194,"column":8},"end":{"line":194,"column":178}},"62":{"start":{"line":196,"column":8},"end":{"line":196,"column":8321}},"63":{"start":{"line":208,"column":8},"end":{"line":208,"column":151}},"64":{"start":{"line":209,"column":8},"end":{"line":209,"column":68}},"65":{"start":{"line":210,"column":8},"end":{"line":210,"column":44}},"66":{"start":{"line":216,"column":8},"end":{"line":216,"column":69}},"67":{"start":{"line":218,"column":8},"end":{"line":218,"column":88}},"68":{"start":{"line":219,"column":8},"end":{"line":219,"column":84}},"69":{"start":{"line":220,"column":8},"end":{"line":220,"column":90}},"70":{"start":{"line":222,"column":8},"end":{"line":222,"column":59}},"71":{"start":{"line":223,"column":8},"end":{"line":223,"column":47}},"72":{"start":{"line":224,"column":8},"end":{"line":224,"column":53}},"73":{"start":{"line":225,"column":8},"end":{"line":225,"column":51}},"74":{"start":{"line":229,"column":8},"end":{"line":229,"column":88}},"75":{"start":{"line":230,"column":8},"end":{"line":230,"column":48}},"76":{"start":{"line":235,"column":8},"end":{"line":235,"column":71}},"77":{"start":{"line":236,"column":8},"end":{"line":236,"column":48}},"78":{"start":{"line":238,"column":8},"end":{"line":238,"column":28}},"79":{"start":{"line":245,"column":8},"end":{"line":245,"column":78}},"80":{"start":{"line":247,"column":8},"end":{"line":247,"column":58}},"81":{"start":{"line":249,"column":8},"end":{"line":249,"column":40}},"82":{"start":{"line":250,"column":8},"end":{"line":250,"column":41}},"83":{"start":{"line":254,"column":8},"end":{"line":254,"column":87}},"84":{"start":{"line":256,"column":8},"end":{"line":256,"column":10758}},"85":{"start":{"line":257,"column":12},"end":{"line":257,"column":65}},"86":{"start":{"line":258,"column":12},"end":{"line":258,"column":95}},"87":{"start":{"line":260,"column":12},"end":{"line":260,"column":137}},"88":{"start":{"line":261,"column":12},"end":{"line":261,"column":85}},"89":{"start":{"line":264,"column":12},"end":{"line":264,"column":65}},"90":{"start":{"line":265,"column":12},"end":{"line":265,"column":70}},"91":{"start":{"line":266,"column":12},"end":{"line":266,"column":72}},"92":{"start":{"line":273,"column":8},"end":{"line":273,"column":54}},"93":{"start":{"line":277,"column":8},"end":{"line":277,"column":11681}},"94":{"start":{"line":278,"column":12},"end":{"line":278,"column":39}},"95":{"start":{"line":280,"column":12},"end":{"line":280,"column":11767}},"96":{"start":{"line":281,"column":16},"end":{"line":281,"column":108}},"97":{"start":{"line":282,"column":16},"end":{"line":282,"column":41}},"98":{"start":{"line":285,"column":16},"end":{"line":285,"column":141}},"99":{"start":{"line":286,"column":16},"end":{"line":286,"column":42}},"100":{"start":{"line":292,"column":8},"end":{"line":292,"column":12386}},"101":{"start":{"line":293,"column":12},"end":{"line":293,"column":83}},"102":{"start":{"line":294,"column":12},"end":{"line":294,"column":54}},"103":{"start":{"line":295,"column":12},"end":{"line":295,"column":57}},"104":{"start":{"line":296,"column":12},"end":{"line":296,"column":74}},"105":{"start":{"line":299,"column":12},"end":{"line":299,"column":54}},"106":{"start":{"line":305,"column":8},"end":{"line":305,"column":48}},"107":{"start":{"line":306,"column":8},"end":{"line":306,"column":37}},"108":{"start":{"line":308,"column":8},"end":{"line":308,"column":46}},"109":{"start":{"line":309,"column":8},"end":{"line":309,"column":83}},"110":{"start":{"line":311,"column":8},"end":{"line":311,"column":13146}},"111":{"start":{"line":319,"column":8},"end":{"line":319,"column":80}},"112":{"start":{"line":321,"column":8},"end":{"line":321,"column":151}},"113":{"start":{"line":322,"column":8},"end":{"line":322,"column":71}},"114":{"start":{"line":324,"column":8},"end":{"line":324,"column":51}},"115":{"start":{"line":326,"column":8},"end":{"line":326,"column":86}},"116":{"start":{"line":327,"column":8},"end":{"line":327,"column":77}},"117":{"start":{"line":332,"column":8},"end":{"line":332,"column":14086}},"118":{"start":{"line":333,"column":12},"end":{"line":333,"column":61}},"119":{"start":{"line":338,"column":8},"end":{"line":338,"column":14329}},"120":{"start":{"line":339,"column":12},"end":{"line":339,"column":64}},"121":{"start":{"line":344,"column":8},"end":{"line":344,"column":53}},"122":{"start":{"line":348,"column":8},"end":{"line":348,"column":53}},"123":{"start":{"line":352,"column":8},"end":{"line":352,"column":65}},"124":{"start":{"line":357,"column":8},"end":{"line":357,"column":112}},"125":{"start":{"line":359,"column":8},"end":{"line":359,"column":84}},"126":{"start":{"line":360,"column":8},"end":{"line":360,"column":67}},"127":{"start":{"line":362,"column":8},"end":{"line":362,"column":70}},"128":{"start":{"line":364,"column":8},"end":{"line":364,"column":40}},"129":{"start":{"line":365,"column":8},"end":{"line":365,"column":41}},"130":{"start":{"line":367,"column":8},"end":{"line":367,"column":104}},"131":{"start":{"line":368,"column":8},"end":{"line":368,"column":113}},"132":{"start":{"line":374,"column":8},"end":{"line":374,"column":73}},"133":{"start":{"line":375,"column":8},"end":{"line":375,"column":53}},"134":{"start":{"line":379,"column":8},"end":{"line":379,"column":99}},"135":{"start":{"line":380,"column":8},"end":{"line":380,"column":48}}},"branchMap":{"1":{"line":42,"type":"if","locations":[{"start":{"line":42,"column":8},"end":{"line":42,"column":8}},{"start":{"line":42,"column":8},"end":{"line":42,"column":8}}]},"2":{"line":43,"type":"if","locations":[{"start":{"line":43,"column":8},"end":{"line":43,"column":8}},{"start":{"line":43,"column":8},"end":{"line":43,"column":8}}]},"3":{"line":44,"type":"if","locations":[{"start":{"line":44,"column":8},"end":{"line":44,"column":8}},{"start":{"line":44,"column":8},"end":{"line":44,"column":8}}]},"4":{"line":47,"type":"if","locations":[{"start":{"line":47,"column":8},"end":{"line":47,"column":8}},{"start":{"line":47,"column":8},"end":{"line":47,"column":8}}]},"5":{"line":52,"type":"if","locations":[{"start":{"line":52,"column":8},"end":{"line":52,"column":8}},{"start":{"line":52,"column":8},"end":{"line":52,"column":8}}]},"6":{"line":57,"type":"if","locations":[{"start":{"line":57,"column":8},"end":{"line":57,"column":8}},{"start":{"line":57,"column":8},"end":{"line":57,"column":8}}]},"7":{"line":98,"type":"if","locations":[{"start":{"line":98,"column":8},"end":{"line":98,"column":8}},{"start":{"line":98,"column":8},"end":{"line":98,"column":8}}]},"8":{"line":102,"type":"if","locations":[{"start":{"line":102,"column":8},"end":{"line":102,"column":8}},{"start":{"line":102,"column":8},"end":{"line":102,"column":8}}]},"9":{"line":105,"type":"if","locations":[{"start":{"line":105,"column":8},"end":{"line":105,"column":8}},{"start":{"line":105,"column":8},"end":{"line":105,"column":8}}]},"10":{"line":107,"type":"if","locations":[{"start":{"line":107,"column":12},"end":{"line":107,"column":12}},{"start":{"line":107,"column":12},"end":{"line":107,"column":12}}]},"11":{"line":111,"type":"if","locations":[{"start":{"line":111,"column":8},"end":{"line":111,"column":8}},{"start":{"line":111,"column":8},"end":{"line":111,"column":8}}]},"12":{"line":112,"type":"if","locations":[{"start":{"line":112,"column":12},"end":{"line":112,"column":12}},{"start":{"line":112,"column":12},"end":{"line":112,"column":12}}]},"13":{"line":115,"type":"if","locations":[{"start":{"line":115,"column":8},"end":{"line":115,"column":8}},{"start":{"line":115,"column":8},"end":{"line":115,"column":8}}]},"14":{"line":116,"type":"if","locations":[{"start":{"line":116,"column":12},"end":{"line":116,"column":12}},{"start":{"line":116,"column":12},"end":{"line":116,"column":12}}]},"15":{"line":120,"type":"if","locations":[{"start":{"line":120,"column":8},"end":{"line":120,"column":8}},{"start":{"line":120,"column":8},"end":{"line":120,"column":8}}]},"16":{"line":128,"type":"if","locations":[{"start":{"line":128,"column":8},"end":{"line":128,"column":8}},{"start":{"line":128,"column":8},"end":{"line":128,"column":8}}]},"17":{"line":145,"type":"if","locations":[{"start":{"line":145,"column":8},"end":{"line":145,"column":8}},{"start":{"line":145,"column":8},"end":{"line":145,"column":8}}]},"18":{"line":147,"type":"if","locations":[{"start":{"line":147,"column":8},"end":{"line":147,"column":8}},{"start":{"line":147,"column":8},"end":{"line":147,"column":8}}]},"19":{"line":155,"type":"if","locations":[{"start":{"line":155,"column":8},"end":{"line":155,"column":8}},{"start":{"line":155,"column":8},"end":{"line":155,"column":8}}]},"20":{"line":194,"type":"if","locations":[{"start":{"line":194,"column":8},"end":{"line":194,"column":8}},{"start":{"line":194,"column":8},"end":{"line":194,"column":8}}]},"21":{"line":230,"type":"if","locations":[{"start":{"line":230,"column":8},"end":{"line":230,"column":8}},{"start":{"line":230,"column":8},"end":{"line":230,"column":8}}]},"22":{"line":236,"type":"if","locations":[{"start":{"line":236,"column":8},"end":{"line":236,"column":8}},{"start":{"line":236,"column":8},"end":{"line":236,"column":8}}]},"23":{"line":247,"type":"if","locations":[{"start":{"line":247,"column":8},"end":{"line":247,"column":8}},{"start":{"line":247,"column":8},"end":{"line":247,"column":8}}]},"24":{"line":256,"type":"if","locations":[{"start":{"line":256,"column":8},"end":{"line":256,"column":8}},{"start":{"line":256,"column":8},"end":{"line":256,"column":8}}]},"25":{"line":257,"type":"if","locations":[{"start":{"line":257,"column":12},"end":{"line":257,"column":12}},{"start":{"line":257,"column":12},"end":{"line":257,"column":12}}]},"26":{"line":258,"type":"if","locations":[{"start":{"line":258,"column":12},"end":{"line":258,"column":12}},{"start":{"line":258,"column":12},"end":{"line":258,"column":12}}]},"27":{"line":261,"type":"if","locations":[{"start":{"line":261,"column":12},"end":{"line":261,"column":12}},{"start":{"line":261,"column":12},"end":{"line":261,"column":12}}]},"28":{"line":264,"type":"if","locations":[{"start":{"line":264,"column":12},"end":{"line":264,"column":12}},{"start":{"line":264,"column":12},"end":{"line":264,"column":12}}]},"29":{"line":266,"type":"if","locations":[{"start":{"line":266,"column":12},"end":{"line":266,"column":12}},{"start":{"line":266,"column":12},"end":{"line":266,"column":12}}]},"30":{"line":277,"type":"if","locations":[{"start":{"line":277,"column":8},"end":{"line":277,"column":8}},{"start":{"line":277,"column":8},"end":{"line":277,"column":8}}]},"31":{"line":280,"type":"if","locations":[{"start":{"line":280,"column":12},"end":{"line":280,"column":12}},{"start":{"line":280,"column":12},"end":{"line":280,"column":12}}]},"32":{"line":292,"type":"if","locations":[{"start":{"line":292,"column":8},"end":{"line":292,"column":8}},{"start":{"line":292,"column":8},"end":{"line":292,"column":8}}]},"33":{"line":293,"type":"if","locations":[{"start":{"line":293,"column":12},"end":{"line":293,"column":12}},{"start":{"line":293,"column":12},"end":{"line":293,"column":12}}]},"34":{"line":308,"type":"if","locations":[{"start":{"line":308,"column":8},"end":{"line":308,"column":8}},{"start":{"line":308,"column":8},"end":{"line":308,"column":8}}]},"35":{"line":309,"type":"if","locations":[{"start":{"line":309,"column":8},"end":{"line":309,"column":8}},{"start":{"line":309,"column":8},"end":{"line":309,"column":8}}]},"36":{"line":311,"type":"if","locations":[{"start":{"line":311,"column":8},"end":{"line":311,"column":8}},{"start":{"line":311,"column":8},"end":{"line":311,"column":8}}]},"37":{"line":319,"type":"if","locations":[{"start":{"line":319,"column":8},"end":{"line":319,"column":8}},{"start":{"line":319,"column":8},"end":{"line":319,"column":8}}]},"38":{"line":324,"type":"if","locations":[{"start":{"line":324,"column":8},"end":{"line":324,"column":8}},{"start":{"line":324,"column":8},"end":{"line":324,"column":8}}]},"39":{"line":327,"type":"if","locations":[{"start":{"line":327,"column":8},"end":{"line":327,"column":8}},{"start":{"line":327,"column":8},"end":{"line":327,"column":8}}]},"40":{"line":357,"type":"if","locations":[{"start":{"line":357,"column":8},"end":{"line":357,"column":8}},{"start":{"line":357,"column":8},"end":{"line":357,"column":8}}]},"41":{"line":360,"type":"if","locations":[{"start":{"line":360,"column":8},"end":{"line":360,"column":8}},{"start":{"line":360,"column":8},"end":{"line":360,"column":8}}]},"42":{"line":375,"type":"if","locations":[{"start":{"line":375,"column":8},"end":{"line":375,"column":8}},{"start":{"line":375,"column":8},"end":{"line":375,"column":8}}]},"43":{"line":380,"type":"if","locations":[{"start":{"line":380,"column":8},"end":{"line":380,"column":8}},{"start":{"line":380,"column":8},"end":{"line":380,"column":8}}]}}},
"contracts\\Launchpad\\ILockerFactory.sol":{"l":{},"path":"D:\\Fiverr\\picnic-v2\\Contracts\\contracts\\Launchpad\\ILockerFactory.sol","s":{},"b":{},"f":{},"fnMap":{},"statementMap":{},"branchMap":{}},
"contracts\\Launchpad\\Launchpad.sol":{"l":{"124":50,"125":49,"129":26,"130":25,"131":20,"132":7,"134":20,"135":19,"139":11,"140":10,"154":36,"155":36,"156":36,"158":36,"159":36,"161":36,"165":1,"169":0,"173":1,"174":1,"178":0,"192":24,"194":23,"196":23,"197":21,"200":22,"201":1,"204":21,"206":19,"208":18,"209":17,"210":16,"212":15,"213":14,"214":13,"216":12,"236":24,"248":11,"250":11,"255":10,"257":10,"271":10,"278":10,"283":10,"284":10,"297":19,"298":19,"299":19,"301":19,"303":19,"304":0,"307":19,"308":0,"311":19,"312":19,"314":19,"315":19,"316":19,"319":19,"326":19,"328":19,"329":19,"331":19,"332":19,"334":19,"335":19,"337":19,"338":19,"345":12,"346":12,"348":12,"349":12,"350":12,"352":12,"354":12,"356":12,"358":12,"359":6,"360":3,"361":3,"362":3,"365":6,"366":2,"367":2,"374":6,"376":6,"378":6,"384":6,"386":6,"388":4,"390":4,"392":4,"395":4,"404":4,"406":4,"407":4,"408":4,"409":4,"414":2,"415":2,"423":4,"424":4,"426":4,"427":4,"429":4,"430":4,"432":4,"433":4,"434":4,"436":4,"442":4,"444":4,"446":4,"448":4,"449":4,"450":4,"452":4,"453":4,"454":4,"455":4,"457":4,"460":4,"461":4,"464":4,"465":4,"468":4,"472":0,"480":4,"481":4,"482":2,"484":2,"491":2,"492":1,"493":1,"496":1,"497":1,"502":0,"503":0,"504":0,"505":0},"path":"D:\\Fiverr\\picnic-v2\\Contracts\\contracts\\Launchpad\\Launchpad.sol","s":{"1":50,"2":26,"3":25,"4":20,"5":7,"6":20,"7":11,"8":36,"9":36,"10":36,"11":36,"12":36,"13":36,"14":1,"15":0,"16":1,"17":1,"18":0,"19":24,"20":23,"21":23,"22":21,"23":22,"24":1,"25":21,"26":19,"27":18,"28":17,"29":16,"30":15,"31":14,"32":13,"33":12,"34":24,"35":11,"36":11,"37":10,"38":10,"39":10,"40":10,"41":10,"42":19,"43":19,"44":19,"45":19,"46":19,"47":0,"48":19,"49":0,"50":19,"51":19,"52":19,"53":19,"54":19,"55":19,"56":19,"57":19,"58":19,"59":19,"60":19,"61":19,"62":19,"63":19,"64":12,"65":12,"66":12,"67":12,"68":12,"69":12,"70":12,"71":12,"72":6,"73":3,"74":3,"75":3,"76":6,"77":6,"78":2,"79":2,"80":6,"81":6,"82":6,"83":6,"84":6,"85":4,"86":4,"87":4,"88":4,"89":4,"90":4,"91":4,"92":4,"93":4,"94":2,"95":2,"96":4,"97":4,"98":4,"99":4,"100":4,"101":4,"102":4,"103":4,"104":4,"105":4,"106":4,"107":4,"108":4,"109":4,"110":4,"111":4,"112":4,"113":4,"114":4,"115":4,"116":4,"117":4,"118":4,"119":4,"120":4,"121":4,"122":0,"123":4,"124":4,"125":2,"126":2,"127":2,"128":1,"129":1,"130":1,"131":1,"132":0,"133":0,"134":0,"135":0},"b":{"1":[49,1],"2":[25,1],"3":[20,5],"4":[7,13],"5":[19,1],"6":[10,1],"7":[23,1],"8":[21,2],"9":[20,1],"10":[1,21],"11":[0,1],"12":[19,2],"13":[18,1],"14":[17,1],"15":[16,1],"16":[15,1],"17":[14,1],"18":[13,1],"19":[12,1],"20":[11,1],"21":[10,1],"22":[19,0],"23":[0,19],"24":[0,0],"25":[0,19],"26":[0,0],"27":[19,0],"28":[19,0],"29":[19,0],"30":[19,0],"31":[19,0],"32":[12,0],"33":[6,6],"34":[3,3],"35":[3,0],"36":[3,0],"37":[6,0],"38":[2,4],"39":[2,0],"40":[6,0],"41":[6,0],"42":[4,2],"43":[4,0],"44":[4,0],"45":[4,0],"46":[4,0],"47":[4,0],"48":[4,0],"49":[4,0],"50":[2,2],"51":[1,1],"52":[0,0],"53":[0,0]},"f":{"1":50,"2":26,"3":11,"4":36,"5":1,"6":0,"7":1,"8":0,"9":24,"10":24,"11":19,"12":19,"13":12,"14":6,"15":4,"16":4,"17":4,"18":0},"fnMap":{"1":{"name":"isIDValid","line":123,"loc":{"start":{"line":123,"column":4},"end":{"line":126,"column":4}}},"2":{"name":"isPresaleActive","line":128,"loc":{"start":{"line":128,"column":4},"end":{"line":136,"column":4}}},"3":{"name":"onlyPresaleOwner","line":138,"loc":{"start":{"line":138,"column":4},"end":{"line":141,"column":4}}},"4":{"name":"constructor","line":145,"loc":{"start":{"line":145,"column":4},"end":{"line":162,"column":4}}},"5":{"name":"whiteListUsersToStartProject","line":164,"loc":{"start":{"line":164,"column":4},"end":{"line":166,"column":4}}},"6":{"name":"whiteListUsersToBuyTokens","line":168,"loc":{"start":{"line":168,"column":4},"end":{"line":170,"column":4}}},"7":{"name":"updateFees","line":172,"loc":{"start":{"line":172,"column":4},"end":{"line":175,"column":4}}},"8":{"name":"updateSalesFeeInPercentForAProject","line":177,"loc":{"start":{"line":177,"column":4},"end":{"line":179,"column":4}}},"9":{"name":"validateCreateInput","line":181,"loc":{"start":{"line":181,"column":4},"end":{"line":218,"column":4}}},"10":{"name":"createPresale","line":221,"loc":{"start":{"line":221,"column":4},"end":{"line":285,"column":4}}},"11":{"name":"validateBuyRequest","line":295,"loc":{"start":{"line":295,"column":4},"end":{"line":322,"column":4}}},"12":{"name":"buyTokensOnPresale","line":324,"loc":{"start":{"line":324,"column":4},"end":{"line":341,"column":4}}},"13":{"name":"claimTokensOrARefund","line":343,"loc":{"start":{"line":343,"column":4},"end":{"line":370,"column":4}}},"14":{"name":"endPresale","line":372,"loc":{"start":{"line":372,"column":4},"end":{"line":419,"column":4}}},"15":{"name":"lockLiquidity","line":421,"loc":{"start":{"line":421,"column":4},"end":{"line":438,"column":4}}},"16":{"name":"distributeRevenue","line":440,"loc":{"start":{"line":440,"column":4},"end":{"line":476,"column":4}}},"17":{"name":"burnOrWithdrawTokens","line":478,"loc":{"start":{"line":478,"column":4},"end":{"line":499,"column":4}}},"18":{"name":"withdrawBNBs","line":501,"loc":{"start":{"line":501,"column":4},"end":{"line":507,"column":4}}}},"statementMap":{"1":{"start":{"line":124,"column":8},"end":{"line":124,"column":87}},"2":{"start":{"line":129,"column":8},"end":{"line":129,"column":133}},"3":{"start":{"line":130,"column":8},"end":{"line":130,"column":125}},"4":{"start":{"line":131,"column":8},"end":{"line":131,"column":4677}},"5":{"start":{"line":132,"column":12},"end":{"line":132,"column":68}},"6":{"start":{"line":134,"column":8},"end":{"line":134,"column":104}},"7":{"start":{"line":139,"column":8},"end":{"line":139,"column":117}},"8":{"start":{"line":154,"column":8},"end":{"line":154,"column":55}},"9":{"start":{"line":155,"column":8},"end":{"line":155,"column":53}},"10":{"start":{"line":156,"column":8},"end":{"line":156,"column":27}},"11":{"start":{"line":158,"column":8},"end":{"line":158,"column":27}},"12":{"start":{"line":159,"column":8},"end":{"line":159,"column":25}},"13":{"start":{"line":161,"column":8},"end":{"line":161,"column":45}},"14":{"start":{"line":165,"column":8},"end":{"line":165,"column":55}},"15":{"start":{"line":169,"column":8},"end":{"line":169,"column":54}},"16":{"start":{"line":173,"column":8},"end":{"line":173,"column":31}},"17":{"start":{"line":174,"column":8},"end":{"line":174,"column":45}},"18":{"start":{"line":178,"column":8},"end":{"line":178,"column":47}},"19":{"start":{"line":192,"column":8},"end":{"line":192,"column":94}},"20":{"start":{"line":194,"column":8},"end":{"line":194,"column":93}},"21":{"start":{"line":196,"column":8},"end":{"line":196,"column":6954}},"22":{"start":{"line":197,"column":12},"end":{"line":197,"column":75}},"23":{"start":{"line":200,"column":8},"end":{"line":200,"column":7080}},"24":{"start":{"line":201,"column":12},"end":{"line":201,"column":102}},"25":{"start":{"line":204,"column":8},"end":{"line":204,"column":122}},"26":{"start":{"line":206,"column":8},"end":{"line":206,"column":74}},"27":{"start":{"line":208,"column":8},"end":{"line":208,"column":91}},"28":{"start":{"line":209,"column":8},"end":{"line":209,"column":109}},"29":{"start":{"line":210,"column":8},"end":{"line":210,"column":107}},"30":{"start":{"line":212,"column":8},"end":{"line":212,"column":127}},"31":{"start":{"line":213,"column":8},"end":{"line":213,"column":120}},"32":{"start":{"line":214,"column":8},"end":{"line":214,"column":130}},"33":{"start":{"line":216,"column":8},"end":{"line":216,"column":86}},"34":{"start":{"line":236,"column":8},"end":{"line":236,"column":8776}},"35":{"start":{"line":248,"column":8},"end":{"line":248,"column":81}},"36":{"start":{"line":250,"column":8},"end":{"line":250,"column":9160}},"37":{"start":{"line":257,"column":8},"end":{"line":257,"column":9390}},"38":{"start":{"line":271,"column":8},"end":{"line":271,"column":9852}},"39":{"start":{"line":278,"column":8},"end":{"line":278,"column":10075}},"40":{"start":{"line":283,"column":8},"end":{"line":283,"column":62}},"41":{"start":{"line":284,"column":8},"end":{"line":284,"column":20}},"42":{"start":{"line":297,"column":8},"end":{"line":297,"column":50}},"43":{"start":{"line":298,"column":8},"end":{"line":298,"column":88}},"44":{"start":{"line":299,"column":8},"end":{"line":299,"column":76}},"45":{"start":{"line":301,"column":8},"end":{"line":301,"column":72}},"46":{"start":{"line":303,"column":8},"end":{"line":303,"column":11080}},"47":{"start":{"line":304,"column":12},"end":{"line":304,"column":114}},"48":{"start":{"line":307,"column":8},"end":{"line":307,"column":11283}},"49":{"start":{"line":308,"column":12},"end":{"line":308,"column":143}},"50":{"start":{"line":311,"column":8},"end":{"line":311,"column":113}},"51":{"start":{"line":312,"column":8},"end":{"line":312,"column":83}},"52":{"start":{"line":314,"column":8},"end":{"line":314,"column":11722}},"53":{"start":{"line":316,"column":12},"end":{"line":316,"column":149}},"54":{"start":{"line":319,"column":8},"end":{"line":319,"column":174}},"55":{"start":{"line":326,"column":8},"end":{"line":326,"column":53}},"56":{"start":{"line":328,"column":8},"end":{"line":328,"column":50}},"57":{"start":{"line":329,"column":8},"end":{"line":329,"column":76}},"58":{"start":{"line":331,"column":8},"end":{"line":331,"column":83}},"59":{"start":{"line":332,"column":8},"end":{"line":332,"column":103}},"60":{"start":{"line":334,"column":8},"end":{"line":334,"column":63}},"61":{"start":{"line":335,"column":8},"end":{"line":335,"column":77}},"62":{"start":{"line":337,"column":8},"end":{"line":337,"column":52}},"63":{"start":{"line":338,"column":8},"end":{"line":338,"column":54}},"64":{"start":{"line":345,"column":8},"end":{"line":345,"column":70}},"65":{"start":{"line":346,"column":8},"end":{"line":346,"column":59}},"66":{"start":{"line":348,"column":8},"end":{"line":348,"column":45}},"67":{"start":{"line":349,"column":8},"end":{"line":349,"column":46}},"68":{"start":{"line":352,"column":8},"end":{"line":352,"column":62}},"69":{"start":{"line":354,"column":8},"end":{"line":354,"column":115}},"70":{"start":{"line":356,"column":8},"end":{"line":356,"column":69}},"71":{"start":{"line":358,"column":8},"end":{"line":358,"column":13629}},"72":{"start":{"line":359,"column":12},"end":{"line":359,"column":65}},"73":{"start":{"line":360,"column":12},"end":{"line":360,"column":95}},"74":{"start":{"line":361,"column":12},"end":{"line":361,"column":91}},"75":{"start":{"line":362,"column":12},"end":{"line":362,"column":85}},"76":{"start":{"line":364,"column":13},"end":{"line":364,"column":14044}},"77":{"start":{"line":365,"column":12},"end":{"line":365,"column":65}},"78":{"start":{"line":366,"column":12},"end":{"line":366,"column":70}},"79":{"start":{"line":367,"column":12},"end":{"line":367,"column":72}},"80":{"start":{"line":374,"column":8},"end":{"line":374,"column":50}},"81":{"start":{"line":376,"column":8},"end":{"line":376,"column":92}},"82":{"start":{"line":378,"column":8},"end":{"line":378,"column":14592}},"83":{"start":{"line":384,"column":8},"end":{"line":384,"column":85}},"84":{"start":{"line":386,"column":8},"end":{"line":386,"column":14907}},"85":{"start":{"line":388,"column":12},"end":{"line":388,"column":99}},"86":{"start":{"line":390,"column":16},"end":{"line":390,"column":61}},"87":{"start":{"line":392,"column":16},"end":{"line":392,"column":154}},"88":{"start":{"line":395,"column":16},"end":{"line":395,"column":15445}},"89":{"start":{"line":404,"column":16},"end":{"line":404,"column":76}},"90":{"start":{"line":406,"column":16},"end":{"line":406,"column":66}},"91":{"start":{"line":407,"column":16},"end":{"line":407,"column":78}},"92":{"start":{"line":408,"column":16},"end":{"line":408,"column":146}},"93":{"start":{"line":409,"column":16},"end":{"line":409,"column":69}},"94":{"start":{"line":414,"column":12},"end":{"line":414,"column":124}},"95":{"start":{"line":415,"column":12},"end":{"line":415,"column":64}},"96":{"start":{"line":423,"column":8},"end":{"line":423,"column":50}},"97":{"start":{"line":424,"column":8},"end":{"line":424,"column":88}},"98":{"start":{"line":426,"column":8},"end":{"line":426,"column":117}},"99":{"start":{"line":427,"column":8},"end":{"line":427,"column":68}},"100":{"start":{"line":429,"column":8},"end":{"line":429,"column":132}},"101":{"start":{"line":430,"column":8},"end":{"line":430,"column":169}},"102":{"start":{"line":432,"column":8},"end":{"line":432,"column":49}},"103":{"start":{"line":433,"column":8},"end":{"line":433,"column":43}},"104":{"start":{"line":434,"column":8},"end":{"line":434,"column":45}},"105":{"start":{"line":436,"column":8},"end":{"line":436,"column":19}},"106":{"start":{"line":442,"column":8},"end":{"line":442,"column":50}},"107":{"start":{"line":444,"column":8},"end":{"line":444,"column":60}},"108":{"start":{"line":446,"column":8},"end":{"line":446,"column":17677}},"109":{"start":{"line":448,"column":8},"end":{"line":448,"column":100}},"110":{"start":{"line":449,"column":8},"end":{"line":449,"column":90}},"111":{"start":{"line":450,"column":8},"end":{"line":450,"column":90}},"112":{"start":{"line":452,"column":8},"end":{"line":452,"column":64}},"113":{"start":{"line":453,"column":8},"end":{"line":453,"column":52}},"114":{"start":{"line":454,"column":8},"end":{"line":454,"column":58}},"115":{"start":{"line":455,"column":8},"end":{"line":455,"column":56}},"116":{"start":{"line":457,"column":8},"end":{"line":457,"column":96}},"117":{"start":{"line":460,"column":8},"end":{"line":460,"column":56}},"118":{"start":{"line":461,"column":8},"end":{"line":461,"column":74}},"119":{"start":{"line":464,"column":8},"end":{"line":464,"column":54}},"120":{"start":{"line":465,"column":8},"end":{"line":465,"column":80}},"121":{"start":{"line":468,"column":8},"end":{"line":468,"column":28}},"122":{"start":{"line":472,"column":11},"end":{"line":472,"column":19}},"123":{"start":{"line":480,"column":8},"end":{"line":480,"column":59}},"124":{"start":{"line":481,"column":8},"end":{"line":481,"column":59}},"125":{"start":{"line":482,"column":8},"end":{"line":482,"column":40}},"126":{"start":{"line":484,"column":8},"end":{"line":484,"column":50}},"127":{"start":{"line":491,"column":8},"end":{"line":491,"column":19496}},"128":{"start":{"line":492,"column":12},"end":{"line":492,"column":91}},"129":{"start":{"line":493,"column":12},"end":{"line":493,"column":37}},"130":{"start":{"line":496,"column":12},"end":{"line":496,"column":124}},"131":{"start":{"line":497,"column":12},"end":{"line":497,"column":38}},"132":{"start":{"line":502,"column":8},"end":{"line":502,"column":44}},"133":{"start":{"line":503,"column":8},"end":{"line":503,"column":51}},"134":{"start":{"line":504,"column":8},"end":{"line":504,"column":55}},"135":{"start":{"line":505,"column":8},"end":{"line":505,"column":55}}},"branchMap":{"1":{"line":124,"type":"if","locations":[{"start":{"line":124,"column":8},"end":{"line":124,"column":8}},{"start":{"line":124,"column":8},"end":{"line":124,"column":8}}]},"2":{"line":129,"type":"if","locations":[{"start":{"line":129,"column":8},"end":{"line":129,"column":8}},{"start":{"line":129,"column":8},"end":{"line":129,"column":8}}]},"3":{"line":130,"type":"if","locations":[{"start":{"line":130,"column":8},"end":{"line":130,"column":8}},{"start":{"line":130,"column":8},"end":{"line":130,"column":8}}]},"4":{"line":131,"type":"if","locations":[{"start":{"line":131,"column":8},"end":{"line":131,"column":8}},{"start":{"line":131,"column":8},"end":{"line":131,"column":8}}]},"5":{"line":134,"type":"if","locations":[{"start":{"line":134,"column":8},"end":{"line":134,"column":8}},{"start":{"line":134,"column":8},"end":{"line":134,"column":8}}]},"6":{"line":139,"type":"if","locations":[{"start":{"line":139,"column":8},"end":{"line":139,"column":8}},{"start":{"line":139,"column":8},"end":{"line":139,"column":8}}]},"7":{"line":192,"type":"if","locations":[{"start":{"line":192,"column":8},"end":{"line":192,"column":8}},{"start":{"line":192,"column":8},"end":{"line":192,"column":8}}]},"8":{"line":196,"type":"if","locations":[{"start":{"line":196,"column":8},"end":{"line":196,"column":8}},{"start":{"line":196,"column":8},"end":{"line":196,"column":8}}]},"9":{"line":197,"type":"if","locations":[{"start":{"line":197,"column":12},"end":{"line":197,"column":12}},{"start":{"line":197,"column":12},"end":{"line":197,"column":12}}]},"10":{"line":200,"type":"if","locations":[{"start":{"line":200,"column":8},"end":{"line":200,"column":8}},{"start":{"line":200,"column":8},"end":{"line":200,"column":8}}]},"11":{"line":201,"type":"if","locations":[{"start":{"line":201,"column":12},"end":{"line":201,"column":12}},{"start":{"line":201,"column":12},"end":{"line":201,"column":12}}]},"12":{"line":204,"type":"if","locations":[{"start":{"line":204,"column":8},"end":{"line":204,"column":8}},{"start":{"line":204,"column":8},"end":{"line":204,"column":8}}]},"13":{"line":206,"type":"if","locations":[{"start":{"line":206,"column":8},"end":{"line":206,"column":8}},{"start":{"line":206,"column":8},"end":{"line":206,"column":8}}]},"14":{"line":208,"type":"if","locations":[{"start":{"line":208,"column":8},"end":{"line":208,"column":8}},{"start":{"line":208,"column":8},"end":{"line":208,"column":8}}]},"15":{"line":209,"type":"if","locations":[{"start":{"line":209,"column":8},"end":{"line":209,"column":8}},{"start":{"line":209,"column":8},"end":{"line":209,"column":8}}]},"16":{"line":210,"type":"if","locations":[{"start":{"line":210,"column":8},"end":{"line":210,"column":8}},{"start":{"line":210,"column":8},"end":{"line":210,"column":8}}]},"17":{"line":212,"type":"if","locations":[{"start":{"line":212,"column":8},"end":{"line":212,"column":8}},{"start":{"line":212,"column":8},"end":{"line":212,"column":8}}]},"18":{"line":213,"type":"if","locations":[{"start":{"line":213,"column":8},"end":{"line":213,"column":8}},{"start":{"line":213,"column":8},"end":{"line":213,"column":8}}]},"19":{"line":214,"type":"if","locations":[{"start":{"line":214,"column":8},"end":{"line":214,"column":8}},{"start":{"line":214,"column":8},"end":{"line":214,"column":8}}]},"20":{"line":216,"type":"if","locations":[{"start":{"line":216,"column":8},"end":{"line":216,"column":8}},{"start":{"line":216,"column":8},"end":{"line":216,"column":8}}]},"21":{"line":250,"type":"if","locations":[{"start":{"line":250,"column":8},"end":{"line":250,"column":8}},{"start":{"line":250,"column":8},"end":{"line":250,"column":8}}]},"22":{"line":301,"type":"if","locations":[{"start":{"line":301,"column":8},"end":{"line":301,"column":8}},{"start":{"line":301,"column":8},"end":{"line":301,"column":8}}]},"23":{"line":303,"type":"if","locations":[{"start":{"line":303,"column":8},"end":{"line":303,"column":8}},{"start":{"line":303,"column":8},"end":{"line":303,"column":8}}]},"24":{"line":304,"type":"if","locations":[{"start":{"line":304,"column":12},"end":{"line":304,"column":12}},{"start":{"line":304,"column":12},"end":{"line":304,"column":12}}]},"25":{"line":307,"type":"if","locations":[{"start":{"line":307,"column":8},"end":{"line":307,"column":8}},{"start":{"line":307,"column":8},"end":{"line":307,"column":8}}]},"26":{"line":308,"type":"if","locations":[{"start":{"line":308,"column":12},"end":{"line":308,"column":12}},{"start":{"line":308,"column":12},"end":{"line":308,"column":12}}]},"27":{"line":311,"type":"if","locations":[{"start":{"line":311,"column":8},"end":{"line":311,"column":8}},{"start":{"line":311,"column":8},"end":{"line":311,"column":8}}]},"28":{"line":312,"type":"if","locations":[{"start":{"line":312,"column":8},"end":{"line":312,"column":8}},{"start":{"line":312,"column":8},"end":{"line":312,"column":8}}]},"29":{"line":314,"type":"if","locations":[{"start":{"line":314,"column":8},"end":{"line":314,"column":8}},{"start":{"line":314,"column":8},"end":{"line":314,"column":8}}]},"30":{"line":316,"type":"if","locations":[{"start":{"line":316,"column":12},"end":{"line":316,"column":12}},{"start":{"line":316,"column":12},"end":{"line":316,"column":12}}]},"31":{"line":319,"type":"if","locations":[{"start":{"line":319,"column":8},"end":{"line":319,"column":8}},{"start":{"line":319,"column":8},"end":{"line":319,"column":8}}]},"32":{"line":354,"type":"if","locations":[{"start":{"line":354,"column":8},"end":{"line":354,"column":8}},{"start":{"line":354,"column":8},"end":{"line":354,"column":8}}]},"33":{"line":358,"type":"if","locations":[{"start":{"line":358,"column":8},"end":{"line":358,"column":8}},{"start":{"line":358,"column":8},"end":{"line":358,"column":8}}]},"34":{"line":359,"type":"if","locations":[{"start":{"line":359,"column":12},"end":{"line":359,"column":12}},{"start":{"line":359,"column":12},"end":{"line":359,"column":12}}]},"35":{"line":360,"type":"if","locations":[{"start":{"line":360,"column":12},"end":{"line":360,"column":12}},{"start":{"line":360,"column":12},"end":{"line":360,"column":12}}]},"36":{"line":362,"type":"if","locations":[{"start":{"line":362,"column":12},"end":{"line":362,"column":12}},{"start":{"line":362,"column":12},"end":{"line":362,"column":12}}]},"37":{"line":364,"type":"if","locations":[{"start":{"line":364,"column":13},"end":{"line":364,"column":13}},{"start":{"line":364,"column":13},"end":{"line":364,"column":13}}]},"38":{"line":365,"type":"if","locations":[{"start":{"line":365,"column":12},"end":{"line":365,"column":12}},{"start":{"line":365,"column":12},"end":{"line":365,"column":12}}]},"39":{"line":367,"type":"if","locations":[{"start":{"line":367,"column":12},"end":{"line":367,"column":12}},{"start":{"line":367,"column":12},"end":{"line":367,"column":12}}]},"40":{"line":376,"type":"if","locations":[{"start":{"line":376,"column":8},"end":{"line":376,"column":8}},{"start":{"line":376,"column":8},"end":{"line":376,"column":8}}]},"41":{"line":378,"type":"if","locations":[{"start":{"line":378,"column":8},"end":{"line":378,"column":8}},{"start":{"line":378,"column":8},"end":{"line":378,"column":8}}]},"42":{"line":386,"type":"if","locations":[{"start":{"line":386,"column":8},"end":{"line":386,"column":8}},{"start":{"line":386,"column":8},"end":{"line":386,"column":8}}]},"43":{"line":392,"type":"if","locations":[{"start":{"line":392,"column":16},"end":{"line":392,"column":16}},{"start":{"line":392,"column":16},"end":{"line":392,"column":16}}]},"44":{"line":404,"type":"if","locations":[{"start":{"line":404,"column":16},"end":{"line":404,"column":16}},{"start":{"line":404,"column":16},"end":{"line":404,"column":16}}]},"45":{"line":429,"type":"if","locations":[{"start":{"line":429,"column":8},"end":{"line":429,"column":8}},{"start":{"line":429,"column":8},"end":{"line":429,"column":8}}]},"46":{"line":446,"type":"if","locations":[{"start":{"line":446,"column":8},"end":{"line":446,"column":8}},{"start":{"line":446,"column":8},"end":{"line":446,"column":8}}]},"47":{"line":457,"type":"if","locations":[{"start":{"line":457,"column":8},"end":{"line":457,"column":8}},{"start":{"line":457,"column":8},"end":{"line":457,"column":8}}]},"48":{"line":461,"type":"if","locations":[{"start":{"line":461,"column":8},"end":{"line":461,"column":8}},{"start":{"line":461,"column":8},"end":{"line":461,"column":8}}]},"49":{"line":465,"type":"if","locations":[{"start":{"line":465,"column":8},"end":{"line":465,"column":8}},{"start":{"line":465,"column":8},"end":{"line":465,"column":8}}]},"50":{"line":481,"type":"if","locations":[{"start":{"line":481,"column":8},"end":{"line":481,"column":8}},{"start":{"line":481,"column":8},"end":{"line":481,"column":8}}]},"51":{"line":491,"type":"if","locations":[{"start":{"line":491,"column":8},"end":{"line":491,"column":8}},{"start":{"line":491,"column":8},"end":{"line":491,"column":8}}]},"52":{"line":503,"type":"if","locations":[{"start":{"line":503,"column":8},"end":{"line":503,"column":8}},{"start":{"line":503,"column":8},"end":{"line":503,"column":8}}]},"53":{"line":505,"type":"if","locations":[{"start":{"line":505,"column":8},"end":{"line":505,"column":8}},{"start":{"line":505,"column":8},"end":{"line":505,"column":8}}]}}},
"contracts\\Launchpad\\SalesTracker.sol":{"l":{"14":0,"18":0,"22":0,"26":0,"30":0},"path":"D:\\Fiverr\\picnic-v2\\Contracts\\contracts\\Launchpad\\SalesTracker.sol","s":{"1":0,"2":0,"3":0,"4":0,"5":0},"b":{},"f":{"1":0,"2":0,"3":0,"4":0,"5":0},"fnMap":{"1":{"name":"addActiveSale","line":13,"loc":{"start":{"line":13,"column":4},"end":{"line":15,"column":4}}},"2":{"name":"removeActiveSale","line":17,"loc":{"start":{"line":17,"column":4},"end":{"line":19,"column":4}}},"3":{"name":"containsActiveSale","line":21,"loc":{"start":{"line":21,"column":4},"end":{"line":23,"column":4}}},"4":{"name":"activeSalesCount","line":25,"loc":{"start":{"line":25,"column":4},"end":{"line":27,"column":4}}},"5":{"name":"activeSalesList","line":29,"loc":{"start":{"line":29,"column":4},"end":{"line":31,"column":4}}}},"statementMap":{"1":{"start":{"line":14,"column":8},"end":{"line":14,"column":53}},"2":{"start":{"line":18,"column":8},"end":{"line":18,"column":56}},"3":{"start":{"line":22,"column":8},"end":{"line":22,"column":58}},"4":{"start":{"line":26,"column":8},"end":{"line":26,"column":49}},"5":{"start":{"line":30,"column":8},"end":{"line":30,"column":42}}},"branchMap":{}},
"contracts\\Locker\\ILocker.sol":{"l":{},"path":"D:\\Fiverr\\picnic-v2\\Contracts\\contracts\\Locker\\ILocker.sol","s":{},"b":{},"f":{},"fnMap":{},"statementMap":{},"branchMap":{}},
"contracts\\Locker\\Locker.sol":{"l":{"31":8,"32":5,"54":15,"55":15,"60":3,"61":3,"66":1,"71":1},"path":"D:\\Fiverr\\picnic-v2\\Contracts\\contracts\\Locker\\Locker.sol","s":{"1":8,"2":15,"3":15,"4":3,"5":3,"6":1,"7":1},"b":{"1":[5,3]},"f":{"1":8,"2":15,"3":3,"4":1,"5":1},"fnMap":{"1":{"name":"onlyMaster","line":30,"loc":{"start":{"line":30,"column":4},"end":{"line":33,"column":4}}},"2":{"name":"constructor","line":46,"loc":{"start":{"line":46,"column":4},"end":{"line":56,"column":4}}},"3":{"name":"unlockTokens","line":59,"loc":{"start":{"line":59,"column":4},"end":{"line":62,"column":4}}},"4":{"name":"addTokenstoALocker","line":64,"loc":{"start":{"line":64,"column":4},"end":{"line":67,"column":4}}},"5":{"name":"increaseLocktime","line":69,"loc":{"start":{"line":69,"column":4},"end":{"line":72,"column":4}}}},"statementMap":{"1":{"start":{"line":31,"column":8},"end":{"line":31,"column":71}},"2":{"start":{"line":54,"column":8},"end":{"line":54,"column":26}},"3":{"start":{"line":55,"column":8},"end":{"line":55,"column":102}},"4":{"start":{"line":60,"column":8},"end":{"line":60,"column":72}},"5":{"start":{"line":61,"column":8},"end":{"line":61,"column":64}},"6":{"start":{"line":66,"column":8},"end":{"line":66,"column":72}},"7":{"start":{"line":71,"column":8},"end":{"line":71,"column":71}}},"branchMap":{"1":{"line":31,"type":"if","locations":[{"start":{"line":31,"column":8},"end":{"line":31,"column":8}},{"start":{"line":31,"column":8},"end":{"line":31,"column":8}}]}}},
"contracts\\Locker\\LokcerFactory.sol":{"l":{"45":11,"46":10,"50":8,"51":7,"52":6,"56":7,"57":6,"58":5,"63":17,"65":17,"66":13,"69":16,"71":15,"73":15,"75":15,"77":15,"89":15,"90":15,"92":15,"94":15,"100":4,"101":4,"103":3,"105":3,"107":3,"108":2,"111":3,"117":3,"118":2,"120":1,"122":1,"124":1,"126":1,"132":3,"133":2,"135":1,"137":1,"138":1,"143":2,"147":4,"151":1,"152":1,"156":2,"157":2,"158":1,"162":13},"path":"D:\\Fiverr\\picnic-v2\\Contracts\\contracts\\Locker\\LokcerFactory.sol","s":{"1":11,"2":8,"3":7,"4":7,"5":6,"6":17,"7":17,"8":13,"9":16,"10":15,"11":15,"12":15,"13":15,"14":15,"15":15,"16":15,"17":4,"18":4,"19":3,"20":3,"21":3,"22":2,"23":3,"24":3,"25":2,"26":1,"27":1,"28":1,"29":1,"30":3,"31":2,"32":1,"33":1,"34":1,"35":2,"36":4,"37":1,"38":1,"39":2,"40":2,"41":1,"42":13},"b":{"1":[10,1],"2":[7,1],"3":[6,1],"4":[6,1],"5":[5,1],"6":[13,4],"7":[12,1],"8":[15,1],"9":[3,1],"10":[2,1],"11":[2,1],"12":[1,1],"13":[2,1],"14":[1,1],"15":[1,1]},"f":{"1":11,"2":8,"3":7,"4":17,"5":4,"6":3,"7":3,"8":2,"9":4,"10":1,"11":2,"12":13},"fnMap":{"1":{"name":"OnlyLockerOnwer","line":44,"loc":{"start":{"line":44,"column":4},"end":{"line":47,"column":4}}},"2":{"name":"NotExpired","line":49,"loc":{"start":{"line":49,"column":4},"end":{"line":53,"column":4}}},"3":{"name":"Expired","line":55,"loc":{"start":{"line":55,"column":4},"end":{"line":59,"column":4}}},"4":{"name":"createLcoker","line":61,"loc":{"start":{"line":61,"column":4},"end":{"line":96,"column":4}}},"5":{"name":"unlockTokens","line":98,"loc":{"start":{"line":98,"column":4},"end":{"line":113,"column":4}}},"6":{"name":"addTokenstoALocker","line":115,"loc":{"start":{"line":115,"column":4},"end":{"line":128,"column":4}}},"7":{"name":"increaseLocktime","line":130,"loc":{"start":{"line":130,"column":4},"end":{"line":140,"column":4}}},"8":{"name":"getLockersListbyUser","line":142,"loc":{"start":{"line":142,"column":4},"end":{"line":144,"column":4}}},"9":{"name":"getLockersListbyToken","line":146,"loc":{"start":{"line":146,"column":4},"end":{"line":148,"column":4}}},"10":{"name":"updateFees","line":150,"loc":{"start":{"line":150,"column":4},"end":{"line":153,"column":4}}},"11":{"name":"withdrawFunds","line":155,"loc":{"start":{"line":155,"column":4},"end":{"line":159,"column":4}}},"12":{"name":"setLaunchPadAddress","line":161,"loc":{"start":{"line":161,"column":4},"end":{"line":163,"column":4}}}},"statementMap":{"1":{"start":{"line":45,"column":8},"end":{"line":45,"column":86}},"2":{"start":{"line":50,"column":8},"end":{"line":50,"column":53}},"3":{"start":{"line":51,"column":8},"end":{"line":51,"column":92}},"4":{"start":{"line":56,"column":8},"end":{"line":56,"column":53}},"5":{"start":{"line":57,"column":8},"end":{"line":57,"column":82}},"6":{"start":{"line":63,"column":8},"end":{"line":63,"column":88}},"7":{"start":{"line":65,"column":8},"end":{"line":65,"column":2085}},"8":{"start":{"line":66,"column":12},"end":{"line":66,"column":64}},"9":{"start":{"line":69,"column":8},"end":{"line":69,"column":67}},"10":{"start":{"line":73,"column":8},"end":{"line":73,"column":90}},"11":{"start":{"line":75,"column":8},"end":{"line":75,"column":71}},"12":{"start":{"line":77,"column":8},"end":{"line":77,"column":2470}},"13":{"start":{"line":89,"column":8},"end":{"line":89,"column":63}},"14":{"start":{"line":90,"column":8},"end":{"line":90,"column":67}},"15":{"start":{"line":92,"column":8},"end":{"line":92,"column":92}},"16":{"start":{"line":94,"column":8},"end":{"line":94,"column":26}},"17":{"start":{"line":100,"column":8},"end":{"line":100,"column":54}},"18":{"start":{"line":101,"column":8},"end":{"line":101,"column":87}},"19":{"start":{"line":103,"column":8},"end":{"line":103,"column":51}},"20":{"start":{"line":105,"column":8},"end":{"line":105,"column":77}},"21":{"start":{"line":107,"column":8},"end":{"line":107,"column":3433}},"22":{"start":{"line":108,"column":12},"end":{"line":108,"column":53}},"23":{"start":{"line":111,"column":8},"end":{"line":111,"column":82}},"24":{"start":{"line":117,"column":8},"end":{"line":117,"column":75}},"25":{"start":{"line":118,"column":8},"end":{"line":118,"column":67}},"26":{"start":{"line":120,"column":8},"end":{"line":120,"column":54}},"27":{"start":{"line":122,"column":8},"end":{"line":122,"column":92}},"28":{"start":{"line":124,"column":8},"end":{"line":124,"column":57}},"29":{"start":{"line":126,"column":8},"end":{"line":126,"column":77}},"30":{"start":{"line":132,"column":8},"end":{"line":132,"column":75}},"31":{"start":{"line":133,"column":8},"end":{"line":133,"column":75}},"32":{"start":{"line":135,"column":8},"end":{"line":135,"column":54}},"33":{"start":{"line":137,"column":8},"end":{"line":137,"column":56}},"34":{"start":{"line":138,"column":8},"end":{"line":138,"column":76}},"35":{"start":{"line":143,"column":8},"end":{"line":143,"column":53}},"36":{"start":{"line":147,"column":8},"end":{"line":147,"column":55}},"37":{"start":{"line":151,"column":8},"end":{"line":151,"column":29}},"38":{"start":{"line":152,"column":8},"end":{"line":152,"column":37}},"39":{"start":{"line":156,"column":8},"end":{"line":156,"column":44}},"40":{"start":{"line":157,"column":8},"end":{"line":157,"column":50}},"41":{"start":{"line":158,"column":8},"end":{"line":158,"column":41}},"42":{"start":{"line":162,"column":8},"end":{"line":162,"column":43}}},"branchMap":{"1":{"line":45,"type":"if","locations":[{"start":{"line":45,"column":8},"end":{"line":45,"column":8}},{"start":{"line":45,"column":8},"end":{"line":45,"column":8}}]},"2":{"line":50,"type":"if","locations":[{"start":{"line":50,"column":8},"end":{"line":50,"column":8}},{"start":{"line":50,"column":8},"end":{"line":50,"column":8}}]},"3":{"line":51,"type":"if","locations":[{"start":{"line":51,"column":8},"end":{"line":51,"column":8}},{"start":{"line":51,"column":8},"end":{"line":51,"column":8}}]},"4":{"line":56,"type":"if","locations":[{"start":{"line":56,"column":8},"end":{"line":56,"column":8}},{"start":{"line":56,"column":8},"end":{"line":56,"column":8}}]},"5":{"line":57,"type":"if","locations":[{"start":{"line":57,"column":8},"end":{"line":57,"column":8}},{"start":{"line":57,"column":8},"end":{"line":57,"column":8}}]},"6":{"line":65,"type":"if","locations":[{"start":{"line":65,"column":8},"end":{"line":65,"column":8}},{"start":{"line":65,"column":8},"end":{"line":65,"column":8}}]},"7":{"line":66,"type":"if","locations":[{"start":{"line":66,"column":12},"end":{"line":66,"column":12}},{"start":{"line":66,"column":12},"end":{"line":66,"column":12}}]},"8":{"line":69,"type":"if","locations":[{"start":{"line":69,"column":8},"end":{"line":69,"column":8}},{"start":{"line":69,"column":8},"end":{"line":69,"column":8}}]},"9":{"line":101,"type":"if","locations":[{"start":{"line":101,"column":8},"end":{"line":101,"column":8}},{"start":{"line":101,"column":8},"end":{"line":101,"column":8}}]},"10":{"line":107,"type":"if","locations":[{"start":{"line":107,"column":8},"end":{"line":107,"column":8}},{"start":{"line":107,"column":8},"end":{"line":107,"column":8}}]},"11":{"line":117,"type":"if","locations":[{"start":{"line":117,"column":8},"end":{"line":117,"column":8}},{"start":{"line":117,"column":8},"end":{"line":117,"column":8}}]},"12":{"line":118,"type":"if","locations":[{"start":{"line":118,"column":8},"end":{"line":118,"column":8}},{"start":{"line":118,"column":8},"end":{"line":118,"column":8}}]},"13":{"line":132,"type":"if","locations":[{"start":{"line":132,"column":8},"end":{"line":132,"column":8}},{"start":{"line":132,"column":8},"end":{"line":132,"column":8}}]},"14":{"line":133,"type":"if","locations":[{"start":{"line":133,"column":8},"end":{"line":133,"column":8}},{"start":{"line":133,"column":8},"end":{"line":133,"column":8}}]},"15":{"line":157,"type":"if","locations":[{"start":{"line":157,"column":8},"end":{"line":157,"column":8}},{"start":{"line":157,"column":8},"end":{"line":157,"column":8}}]}}},
"contracts\\Locker\\PICNICLocker.sol":{"l":{"42":0,"43":0,"47":0,"48":0,"52":0,"53":0,"58":0,"59":0,"61":0,"63":0,"65":0,"76":0,"77":0,"79":0,"85":0,"86":0,"88":0,"90":0,"92":0,"93":0,"96":0,"102":0,"103":0,"105":0,"107":0,"113":0,"114":0,"116":0,"121":0,"125":0,"129":0,"130":0,"134":0,"135":0,"136":0},"path":"D:\\Fiverr\\picnic-v2\\Contracts\\contracts\\Locker\\PICNICLocker.sol","s":{"1":0,"2":0,"3":0,"4":0,"5":0,"6":0,"7":0,"8":0,"9":0,"10":0,"11":0,"12":0,"13":0,"14":0,"15":0,"16":0,"17":0,"18":0,"19":0,"20":0,"21":0,"22":0,"23":0,"24":0,"25":0,"26":0,"27":0,"28":0,"29":0,"30":0,"31":0},"b":{"1":[0,0],"2":[0,0],"3":[0,0],"4":[0,0],"5":[0,0],"6":[0,0],"7":[0,0],"8":[0,0],"9":[0,0],"10":[0,0],"11":[0,0],"12":[0,0]},"f":{"1":0,"2":0,"3":0,"4":0,"5":0,"6":0,"7":0,"8":0,"9":0,"10":0,"11":0},"fnMap":{"1":{"name":"OnlyLockerOnwer","line":41,"loc":{"start":{"line":41,"column":4},"end":{"line":44,"column":4}}},"2":{"name":"NotExpired","line":46,"loc":{"start":{"line":46,"column":4},"end":{"line":49,"column":4}}},"3":{"name":"Expired","line":51,"loc":{"start":{"line":51,"column":4},"end":{"line":54,"column":4}}},"4":{"name":"lockTokens","line":57,"loc":{"start":{"line":57,"column":4},"end":{"line":81,"column":4}}},"5":{"name":"unlockTokens","line":83,"loc":{"start":{"line":83,"column":4},"end":{"line":98,"column":4}}},"6":{"name":"addTokenstoALocker","line":100,"loc":{"start":{"line":100,"column":4},"end":{"line":109,"column":4}}},"7":{"name":"increaseLocktime","line":111,"loc":{"start":{"line":111,"column":4},"end":{"line":118,"column":4}}},"8":{"name":"getLockersListbyUser","line":120,"loc":{"start":{"line":120,"column":4},"end":{"line":122,"column":4}}},"9":{"name":"getLockersListbyToken","line":124,"loc":{"start":{"line":124,"column":4},"end":{"line":126,"column":4}}},"10":{"name":"updateFees","line":128,"loc":{"start":{"line":128,"column":4},"end":{"line":131,"column":4}}},"11":{"name":"withdrawFunds","line":133,"loc":{"start":{"line":133,"column":4},"end":{"line":137,"column":4}}}},"statementMap":{"1":{"start":{"line":42,"column":8},"end":{"line":42,"column":81}},"2":{"start":{"line":47,"column":8},"end":{"line":47,"column":87}},"3":{"start":{"line":52,"column":8},"end":{"line":52,"column":77}},"4":{"start":{"line":58,"column":8},"end":{"line":58,"column":58}},"5":{"start":{"line":59,"column":8},"end":{"line":59,"column":81}},"6":{"start":{"line":61,"column":8},"end":{"line":61,"column":77}},"7":{"start":{"line":65,"column":8},"end":{"line":65,"column":1964}},"8":{"start":{"line":76,"column":8},"end":{"line":76,"column":63}},"9":{"start":{"line":77,"column":8},"end":{"line":77,"column":58}},"10":{"start":{"line":79,"column":8},"end":{"line":79,"column":83}},"11":{"start":{"line":85,"column":8},"end":{"line":85,"column":43}},"12":{"start":{"line":86,"column":8},"end":{"line":86,"column":86}},"13":{"start":{"line":88,"column":8},"end":{"line":88,"column":74}},"14":{"start":{"line":90,"column":8},"end":{"line":90,"column":71}},"15":{"start":{"line":92,"column":8},"end":{"line":92,"column":2846}},"16":{"start":{"line":93,"column":12},"end":{"line":93,"column":48}},"17":{"start":{"line":96,"column":8},"end":{"line":96,"column":79}},"18":{"start":{"line":102,"column":8},"end":{"line":102,"column":75}},"19":{"start":{"line":103,"column":8},"end":{"line":103,"column":67}},"20":{"start":{"line":105,"column":8},"end":{"line":105,"column":94}},"21":{"start":{"line":107,"column":8},"end":{"line":107,"column":72}},"22":{"start":{"line":113,"column":8},"end":{"line":113,"column":75}},"23":{"start":{"line":114,"column":8},"end":{"line":114,"column":75}},"24":{"start":{"line":116,"column":8},"end":{"line":116,"column":71}},"25":{"start":{"line":121,"column":8},"end":{"line":121,"column":53}},"26":{"start":{"line":125,"column":8},"end":{"line":125,"column":55}},"27":{"start":{"line":129,"column":8},"end":{"line":129,"column":25}},"28":{"start":{"line":130,"column":8},"end":{"line":130,"column":37}},"29":{"start":{"line":134,"column":8},"end":{"line":134,"column":44}},"30":{"start":{"line":135,"column":8},"end":{"line":135,"column":50}},"31":{"start":{"line":136,"column":8},"end":{"line":136,"column":46}}},"branchMap":{"1":{"line":42,"type":"if","locations":[{"start":{"line":42,"column":8},"end":{"line":42,"column":8}},{"start":{"line":42,"column":8},"end":{"line":42,"column":8}}]},"2":{"line":47,"type":"if","locations":[{"start":{"line":47,"column":8},"end":{"line":47,"column":8}},{"start":{"line":47,"column":8},"end":{"line":47,"column":8}}]},"3":{"line":52,"type":"if","locations":[{"start":{"line":52,"column":8},"end":{"line":52,"column":8}},{"start":{"line":52,"column":8},"end":{"line":52,"column":8}}]},"4":{"line":58,"type":"if","locations":[{"start":{"line":58,"column":8},"end":{"line":58,"column":8}},{"start":{"line":58,"column":8},"end":{"line":58,"column":8}}]},"5":{"line":59,"type":"if","locations":[{"start":{"line":59,"column":8},"end":{"line":59,"column":8}},{"start":{"line":59,"column":8},"end":{"line":59,"column":8}}]},"6":{"line":86,"type":"if","locations":[{"start":{"line":86,"column":8},"end":{"line":86,"column":8}},{"start":{"line":86,"column":8},"end":{"line":86,"column":8}}]},"7":{"line":92,"type":"if","locations":[{"start":{"line":92,"column":8},"end":{"line":92,"column":8}},{"start":{"line":92,"column":8},"end":{"line":92,"column":8}}]},"8":{"line":102,"type":"if","locations":[{"start":{"line":102,"column":8},"end":{"line":102,"column":8}},{"start":{"line":102,"column":8},"end":{"line":102,"column":8}}]},"9":{"line":103,"type":"if","locations":[{"start":{"line":103,"column":8},"end":{"line":103,"column":8}},{"start":{"line":103,"column":8},"end":{"line":103,"column":8}}]},"10":{"line":113,"type":"if","locations":[{"start":{"line":113,"column":8},"end":{"line":113,"column":8}},{"start":{"line":113,"column":8},"end":{"line":113,"column":8}}]},"11":{"line":114,"type":"if","locations":[{"start":{"line":114,"column":8},"end":{"line":114,"column":8}},{"start":{"line":114,"column":8},"end":{"line":114,"column":8}}]},"12":{"line":135,"type":"if","locations":[{"start":{"line":135,"column":8},"end":{"line":135,"column":8}},{"start":{"line":135,"column":8},"end":{"line":135,"column":8}}]}}},
"contracts\\LPLocker\\LPLocker.sol":{"l":{"35":0,"40":0,"41":0,"44":0,"45":0},"path":"D:\\Fiverr\\picnic-v2\\Contracts\\contracts\\LPLocker\\LPLocker.sol","s":{"1":0,"2":0,"3":0,"4":0,"5":0},"b":{"1":[0,0],"2":[0,0]},"f":{"1":0,"2":0},"fnMap":{"1":{"name":"constructor","line":27,"loc":{"start":{"line":27,"column":4},"end":{"line":36,"column":4}}},"2":{"name":"unlockTokens","line":38,"loc":{"start":{"line":38,"column":8},"end":{"line":47,"column":4}}}},"statementMap":{"1":{"start":{"line":35,"column":8},"end":{"line":35,"column":117}},"2":{"start":{"line":40,"column":8},"end":{"line":40,"column":81}},"3":{"start":{"line":41,"column":8},"end":{"line":41,"column":81}},"4":{"start":{"line":44,"column":8},"end":{"line":44,"column":82}},"5":{"start":{"line":45,"column":8},"end":{"line":45,"column":44}}},"branchMap":{"1":{"line":40,"type":"if","locations":[{"start":{"line":40,"column":8},"end":{"line":40,"column":8}},{"start":{"line":40,"column":8},"end":{"line":40,"column":8}}]},"2":{"line":41,"type":"if","locations":[{"start":{"line":41,"column":8},"end":{"line":41,"column":8}},{"start":{"line":41,"column":8},"end":{"line":41,"column":8}}]}}},
"contracts\\LPLocker\\LPLokcerManager.sol":{"l":{"43":0,"45":0,"47":0,"49":0,"52":0,"62":0,"65":0,"66":0,"67":0,"69":0,"71":0},"path":"D:\\Fiverr\\picnic-v2\\Contracts\\contracts\\LPLocker\\LPLokcerManager.sol","s":{"1":0,"2":0,"3":0,"4":0,"5":0,"6":0,"7":0,"8":0,"9":0,"10":0},"b":{"1":[0,0]},"f":{"1":0},"fnMap":{"1":{"name":"createLPLcoker","line":39,"loc":{"start":{"line":39,"column":4},"end":{"line":73,"column":4}}}},"statementMap":{"1":{"start":{"line":43,"column":8},"end":{"line":43,"column":67}},"2":{"start":{"line":47,"column":8},"end":{"line":47,"column":94}},"3":{"start":{"line":49,"column":8},"end":{"line":49,"column":77}},"4":{"start":{"line":52,"column":8},"end":{"line":52,"column":1607}},"5":{"start":{"line":62,"column":8},"end":{"line":62,"column":36}},"6":{"start":{"line":65,"column":8},"end":{"line":65,"column":48}},"7":{"start":{"line":66,"column":8},"end":{"line":66,"column":46}},"8":{"start":{"line":67,"column":8},"end":{"line":67,"column":50}},"9":{"start":{"line":69,"column":8},"end":{"line":69,"column":79}},"10":{"start":{"line":71,"column":8},"end":{"line":71,"column":26}}},"branchMap":{"1":{"line":43,"type":"if","locations":[{"start":{"line":43,"column":8},"end":{"line":43,"column":8}},{"start":{"line":43,"column":8},"end":{"line":43,"column":8}}]}}}}
