TN:
SF:D:\Fiverr\picnic-v2\Contracts\contracts\helpers\BEP20.sol
FN:8,constructor
FNF:1
FNH:0
FNDA:0,constructor
LF:0
LH:0
BRF:0
BRH:0
end_of_record
TN:
SF:D:\Fiverr\picnic-v2\Contracts\contracts\helpers\PICNICToken.sol
FN:8,constructor
FNF:1
FNH:0
FNDA:0,constructor
LF:0
LH:0
BRF:0
BRH:0
end_of_record
TN:
SF:D:\Fiverr\picnic-v2\Contracts\contracts\helpers\PresaleToken.sol
FN:8,constructor
FNF:1
FNH:1
FNDA:36,constructor
LF:0
LH:0
BRF:0
BRH:0
end_of_record
TN:
SF:D:\Fiverr\picnic-v2\Contracts\contracts\helpers\TestCoin.sol
FN:7,constructor
FNF:1
FNH:1
FNDA:90,constructor
LF:0
LH:0
BRF:0
BRH:0
end_of_record
TN:
SF:D:\Fiverr\picnic-v2\Contracts\contracts\helpers\UniswapV2FactoryClone.sol
FN:9,constructor
FNF:1
FNH:0
FNDA:0,constructor
LF:0
LH:0
BRF:0
BRH:0
end_of_record
TN:
SF:D:\Fiverr\picnic-v2\Contracts\contracts\helpers\UniswapV2PairClone.sol
FNF:0
FNH:0
LF:0
LH:0
BRF:0
BRH:0
end_of_record
TN:
SF:D:\Fiverr\picnic-v2\Contracts\contracts\helpers\UniswapV2Router02Clone.sol
FN:10,constructor
FNF:1
FNH:0
FNDA:0,constructor
LF:0
LH:0
BRF:0
BRH:0
end_of_record
TN:
SF:D:\Fiverr\picnic-v2\Contracts\contracts\helpers\WETH9.sol
FN:19,deposit
FN:23,withdraw
FN:30,totalSupply
FN:34,approve
FN:40,transfer
FN:44,transferFrom
FNF:6
FNH:3
FNDA:4,deposit
FNDA:0,withdraw
FNDA:0,totalSupply
FNDA:0,approve
FNDA:4,transfer
FNDA:4,transferFrom
DA:20,4
DA:21,4
DA:24,0
DA:25,0
DA:26,0
DA:27,0
DA:31,0
DA:35,0
DA:36,0
DA:37,0
DA:41,4
DA:48,4
DA:50,4
DA:51,0
DA:52,0
DA:55,4
DA:56,4
DA:58,4
DA:60,4
LF:19
LH:9
BRDA:24,1,0,0
BRDA:24,1,1,0
BRDA:48,2,0,4
BRDA:48,2,1,0
BRDA:50,3,0,0
BRDA:50,3,1,4
BRDA:51,4,0,0
BRDA:51,4,1,0
BRF:8
BRH:2
end_of_record
TN:
SF:D:\Fiverr\picnic-v2\Contracts\contracts\Launchpad\ILockerFactory.sol
FNF:0
FNH:0
LF:0
LH:0
BRF:0
BRH:0
end_of_record
TN:
SF:D:\Fiverr\picnic-v2\Contracts\contracts\Launchpad\Launchpad.sol
FN:125,isIDValid
FN:130,isPresaleActive
FN:140,onlyPresaleOwner
FN:147,constructor
FN:166,whiteListUsersToStartProject
FN:170,whiteListUsersToBuyTokens
FN:174,updateFees
FN:179,updateSalesFeeInPercentForAProject
FN:183,validateCreateInput
FN:223,createPresale
FN:297,validateBuyRequest
FN:326,buyTokensOnPresale
FN:345,claimTokensOrARefund
FN:374,endPresale
FN:423,lockLiquidity
FN:442,distributeRevenue
FN:480,burnOrWithdrawTokens
FN:503,withdrawBNBs
FNF:18
FNH:15
FNDA:50,isIDValid
FNDA:26,isPresaleActive
FNDA:11,onlyPresaleOwner
FNDA:36,constructor
FNDA:1,whiteListUsersToStartProject
FNDA:0,whiteListUsersToBuyTokens
FNDA:1,updateFees
FNDA:0,updateSalesFeeInPercentForAProject
FNDA:24,validateCreateInput
FNDA:24,createPresale
FNDA:19,validateBuyRequest
FNDA:19,buyTokensOnPresale
FNDA:12,claimTokensOrARefund
FNDA:6,endPresale
FNDA:4,lockLiquidity
FNDA:4,distributeRevenue
FNDA:4,burnOrWithdrawTokens
FNDA:0,withdrawBNBs
DA:126,50
DA:127,49
DA:131,26
DA:132,25
DA:133,20
DA:134,7
DA:136,20
DA:137,19
DA:141,11
DA:142,10
DA:156,36
DA:157,36
DA:158,36
DA:160,36
DA:161,36
DA:163,36
DA:167,1
DA:171,0
DA:175,1
DA:176,1
DA:180,0
DA:194,24
DA:196,23
DA:198,23
DA:199,21
DA:202,22
DA:203,1
DA:206,21
DA:208,19
DA:210,18
DA:211,17
DA:212,16
DA:214,15
DA:215,14
DA:216,13
DA:218,12
DA:238,24
DA:250,11
DA:252,11
DA:257,10
DA:259,10
DA:273,10
DA:280,10
DA:285,10
DA:286,10
DA:299,19
DA:300,19
DA:301,19
DA:303,19
DA:305,19
DA:306,0
DA:309,19
DA:310,0
DA:313,19
DA:314,19
DA:316,19
DA:317,19
DA:318,19
DA:321,19
DA:328,19
DA:330,19
DA:331,19
DA:333,19
DA:334,19
DA:336,19
DA:337,19
DA:339,19
DA:340,19
DA:347,12
DA:348,12
DA:350,12
DA:351,12
DA:352,12
DA:354,12
DA:356,12
DA:358,12
DA:360,12
DA:361,6
DA:362,3
DA:363,3
DA:364,3
DA:367,6
DA:368,2
DA:369,2
DA:376,6
DA:378,6
DA:380,6
DA:386,6
DA:388,6
DA:390,4
DA:392,4
DA:394,4
DA:397,4
DA:406,4
DA:408,4
DA:409,4
DA:410,4
DA:411,4
DA:416,2
DA:417,2
DA:425,4
DA:426,4
DA:428,4
DA:429,4
DA:431,4
DA:432,4
DA:434,4
DA:435,4
DA:436,4
DA:438,4
DA:444,4
DA:446,4
DA:448,4
DA:450,4
DA:451,4
DA:452,4
DA:454,4
DA:455,4
DA:456,4
DA:457,4
DA:459,4
DA:462,4
DA:463,4
DA:466,4
DA:467,4
DA:470,4
DA:474,0
DA:482,4
DA:483,4
DA:484,2
DA:486,2
DA:493,2
DA:494,1
DA:495,1
DA:498,1
DA:499,1
DA:504,0
DA:505,0
DA:506,0
DA:507,0
LF:140
LH:131
BRDA:126,1,0,49
BRDA:126,1,1,1
BRDA:131,2,0,25
BRDA:131,2,1,1
BRDA:132,3,0,20
BRDA:132,3,1,5
BRDA:133,4,0,7
BRDA:133,4,1,13
BRDA:136,5,0,19
BRDA:136,5,1,1
BRDA:141,6,0,10
BRDA:141,6,1,1
BRDA:194,7,0,23
BRDA:194,7,1,1
BRDA:198,8,0,21
BRDA:198,8,1,2
BRDA:199,9,0,20
BRDA:199,9,1,1
BRDA:202,10,0,1
BRDA:202,10,1,21
BRDA:203,11,0,0
BRDA:203,11,1,1
BRDA:206,12,0,19
BRDA:206,12,1,2
BRDA:208,13,0,18
BRDA:208,13,1,1
BRDA:210,14,0,17
BRDA:210,14,1,1
BRDA:211,15,0,16
BRDA:211,15,1,1
BRDA:212,16,0,15
BRDA:212,16,1,1
BRDA:214,17,0,14
BRDA:214,17,1,1
BRDA:215,18,0,13
BRDA:215,18,1,1
BRDA:216,19,0,12
BRDA:216,19,1,1
BRDA:218,20,0,11
BRDA:218,20,1,1
BRDA:252,21,0,10
BRDA:252,21,1,1
BRDA:303,22,0,19
BRDA:303,22,1,0
BRDA:305,23,0,0
BRDA:305,23,1,19
BRDA:306,24,0,0
BRDA:306,24,1,0
BRDA:309,25,0,0
BRDA:309,25,1,19
BRDA:310,26,0,0
BRDA:310,26,1,0
BRDA:313,27,0,19
BRDA:313,27,1,0
BRDA:314,28,0,19
BRDA:314,28,1,0
BRDA:316,29,0,19
BRDA:316,29,1,0
BRDA:318,30,0,19
BRDA:318,30,1,0
BRDA:321,31,0,19
BRDA:321,31,1,0
BRDA:356,32,0,12
BRDA:356,32,1,0
BRDA:360,33,0,6
BRDA:360,33,1,6
BRDA:361,34,0,3
BRDA:361,34,1,3
BRDA:362,35,0,3
BRDA:362,35,1,0
BRDA:364,36,0,3
BRDA:364,36,1,0
BRDA:366,37,0,6
BRDA:366,37,1,0
BRDA:367,38,0,2
BRDA:367,38,1,4
BRDA:369,39,0,2
BRDA:369,39,1,0
BRDA:378,40,0,6
BRDA:378,40,1,0
BRDA:380,41,0,6
BRDA:380,41,1,0
BRDA:388,42,0,4
BRDA:388,42,1,2
BRDA:394,43,0,4
BRDA:394,43,1,0
BRDA:406,44,0,4
BRDA:406,44,1,0
BRDA:431,45,0,4
BRDA:431,45,1,0
BRDA:448,46,0,4
BRDA:448,46,1,0
BRDA:459,47,0,4
BRDA:459,47,1,0
BRDA:463,48,0,4
BRDA:463,48,1,0
BRDA:467,49,0,4
BRDA:467,49,1,0
BRDA:483,50,0,2
BRDA:483,50,1,2
BRDA:493,51,0,1
BRDA:493,51,1,1
BRDA:505,52,0,0
BRDA:505,52,1,0
BRDA:507,53,0,0
BRDA:507,53,1,0
BRF:106
BRH:75
end_of_record
TN:
SF:D:\Fiverr\picnic-v2\Contracts\contracts\Launchpad\SalesTracker.sol
FN:13,addActiveSale
FN:17,removeActiveSale
FN:21,containsActiveSale
FN:25,activeSalesCount
FN:29,activeSalesList
FNF:5
FNH:0
FNDA:0,addActiveSale
FNDA:0,removeActiveSale
FNDA:0,containsActiveSale
FNDA:0,activeSalesCount
FNDA:0,activeSalesList
DA:14,0
DA:18,0
DA:22,0
DA:26,0
DA:30,0
LF:5
LH:0
BRF:0
BRH:0
end_of_record
TN:
SF:D:\Fiverr\picnic-v2\Contracts\contracts\Locker\ILocker.sol
FNF:0
FNH:0
LF:0
LH:0
BRF:0
BRH:0
end_of_record
TN:
SF:D:\Fiverr\picnic-v2\Contracts\contracts\Locker\Locker.sol
FN:30,onlyMaster
FN:46,constructor
FN:59,unlockTokens
FN:64,addTokenstoALocker
FN:69,increaseLocktime
FNF:5
FNH:5
FNDA:8,onlyMaster
FNDA:15,constructor
FNDA:3,unlockTokens
FNDA:1,addTokenstoALocker
FNDA:1,increaseLocktime
DA:31,8
DA:32,5
DA:54,15
DA:55,15
DA:60,3
DA:61,3
DA:66,1
DA:71,1
LF:8
LH:8
BRDA:31,1,0,5
BRDA:31,1,1,3
BRF:2
BRH:2
end_of_record
TN:
SF:D:\Fiverr\picnic-v2\Contracts\contracts\Locker\LokcerFactory.sol
FN:44,OnlyLockerOnwer
FN:49,NotExpired
FN:55,Expired
FN:61,createLcoker
FN:98,unlockTokens
FN:115,addTokenstoALocker
FN:130,increaseLocktime
FN:142,getLockersListbyUser
FN:146,getLockersListbyToken
FN:150,updateFees
FN:155,withdrawFunds
FN:161,setLaunchPadAddress
FNF:12
FNH:12
FNDA:11,OnlyLockerOnwer
FNDA:8,NotExpired
FNDA:7,Expired
FNDA:17,createLcoker
FNDA:4,unlockTokens
FNDA:3,addTokenstoALocker
FNDA:3,increaseLocktime
FNDA:2,getLockersListbyUser
FNDA:4,getLockersListbyToken
FNDA:1,updateFees
FNDA:2,withdrawFunds
FNDA:13,setLaunchPadAddress
DA:45,11
DA:46,10
DA:50,8
DA:51,7
DA:52,6
DA:56,7
DA:57,6
DA:58,5
DA:63,17
DA:65,17
DA:66,13
DA:69,16
DA:71,15
DA:73,15
DA:75,15
DA:77,15
DA:89,15
DA:90,15
DA:92,15
DA:94,15
DA:100,4
DA:101,4
DA:103,3
DA:105,3
DA:107,3
DA:108,2
DA:111,3
DA:117,3
DA:118,2
DA:120,1
DA:122,1
DA:124,1
DA:126,1
DA:132,3
DA:133,2
DA:135,1
DA:137,1
DA:138,1
DA:143,2
DA:147,4
DA:151,1
DA:152,1
DA:156,2
DA:157,2
DA:158,1
DA:162,13
LF:46
LH:46
BRDA:45,1,0,10
BRDA:45,1,1,1
BRDA:50,2,0,7
BRDA:50,2,1,1
BRDA:51,3,0,6
BRDA:51,3,1,1
BRDA:56,4,0,6
BRDA:56,4,1,1
BRDA:57,5,0,5
BRDA:57,5,1,1
BRDA:65,6,0,13
BRDA:65,6,1,4
BRDA:66,7,0,12
BRDA:66,7,1,1
BRDA:69,8,0,15
BRDA:69,8,1,1
BRDA:101,9,0,3
BRDA:101,9,1,1
BRDA:107,10,0,2
BRDA:107,10,1,1
BRDA:117,11,0,2
BRDA:117,11,1,1
BRDA:118,12,0,1
BRDA:118,12,1,1
BRDA:132,13,0,2
BRDA:132,13,1,1
BRDA:133,14,0,1
BRDA:133,14,1,1
BRDA:157,15,0,1
BRDA:157,15,1,1
BRF:30
BRH:30
end_of_record
TN:
SF:D:\Fiverr\picnic-v2\Contracts\contracts\Locker\PICNICLocker.sol
FN:41,OnlyLockerOnwer
FN:46,NotExpired
FN:51,Expired
FN:57,lockTokens
FN:83,unlockTokens
FN:100,addTokenstoALocker
FN:111,increaseLocktime
FN:120,getLockersListbyUser
FN:124,getLockersListbyToken
FN:128,updateFees
FN:133,withdrawFunds
FNF:11
FNH:0
FNDA:0,OnlyLockerOnwer
FNDA:0,NotExpired
FNDA:0,Expired
FNDA:0,lockTokens
FNDA:0,unlockTokens
FNDA:0,addTokenstoALocker
FNDA:0,increaseLocktime
FNDA:0,getLockersListbyUser
FNDA:0,getLockersListbyToken
FNDA:0,updateFees
FNDA:0,withdrawFunds
DA:42,0
DA:43,0
DA:47,0
DA:48,0
DA:52,0
DA:53,0
DA:58,0
DA:59,0
DA:61,0
DA:63,0
DA:65,0
DA:76,0
DA:77,0
DA:79,0
DA:85,0
DA:86,0
DA:88,0
DA:90,0
DA:92,0
DA:93,0
DA:96,0
DA:102,0
DA:103,0
DA:105,0
DA:107,0
DA:113,0
DA:114,0
DA:116,0
DA:121,0
DA:125,0
DA:129,0
DA:130,0
DA:134,0
DA:135,0
DA:136,0
LF:35
LH:0
BRDA:42,1,0,0
BRDA:42,1,1,0
BRDA:47,2,0,0
BRDA:47,2,1,0
BRDA:52,3,0,0
BRDA:52,3,1,0
BRDA:58,4,0,0
BRDA:58,4,1,0
BRDA:59,5,0,0
BRDA:59,5,1,0
BRDA:86,6,0,0
BRDA:86,6,1,0
BRDA:92,7,0,0
BRDA:92,7,1,0
BRDA:102,8,0,0
BRDA:102,8,1,0
BRDA:103,9,0,0
BRDA:103,9,1,0
BRDA:113,10,0,0
BRDA:113,10,1,0
BRDA:114,11,0,0
BRDA:114,11,1,0
BRDA:135,12,0,0
BRDA:135,12,1,0
BRF:24
BRH:0
end_of_record
