TN:
SF:D:\Fiverr\picnic-v2\Contracts\contracts\helpers\BEP20.sol
FN:8,constructor
FNF:1
FNH:0
FNDA:0,constructor
LF:0
LH:0
BRF:0
BRH:0
end_of_record
TN:
SF:D:\Fiverr\picnic-v2\Contracts\contracts\helpers\PICNICToken.sol
FN:8,constructor
FNF:1
FNH:0
FNDA:0,constructor
LF:0
LH:0
BRF:0
BRH:0
end_of_record
TN:
SF:D:\Fiverr\picnic-v2\Contracts\contracts\helpers\PresaleToken.sol
FN:8,constructor
FNF:1
FNH:1
FNDA:66,constructor
LF:0
LH:0
BRF:0
BRH:0
end_of_record
TN:
SF:D:\Fiverr\picnic-v2\Contracts\contracts\helpers\TestCoin.sol
FN:7,constructor
FNF:1
FNH:1
FNDA:90,constructor
LF:0
LH:0
BRF:0
BRH:0
end_of_record
TN:
SF:D:\Fiverr\picnic-v2\Contracts\contracts\helpers\UniswapV2FactoryClone.sol
FN:9,constructor
FNF:1
FNH:0
FNDA:0,constructor
LF:0
LH:0
BRF:0
BRH:0
end_of_record
TN:
SF:D:\Fiverr\picnic-v2\Contracts\contracts\helpers\UniswapV2PairClone.sol
FNF:0
FNH:0
LF:0
LH:0
BRF:0
BRH:0
end_of_record
TN:
SF:D:\Fiverr\picnic-v2\Contracts\contracts\helpers\UniswapV2Router02Clone.sol
FN:10,constructor
FNF:1
FNH:0
FNDA:0,constructor
LF:0
LH:0
BRF:0
BRH:0
end_of_record
TN:
SF:D:\Fiverr\picnic-v2\Contracts\contracts\helpers\WETH9.sol
FN:19,deposit
FN:23,withdraw
FN:30,totalSupply
FN:34,approve
FN:40,transfer
FN:44,transferFrom
FNF:6
FNH:3
FNDA:5,deposit
FNDA:0,withdraw
FNDA:0,totalSupply
FNDA:0,approve
FNDA:5,transfer
FNDA:5,transferFrom
DA:20,5
DA:21,5
DA:24,0
DA:25,0
DA:26,0
DA:27,0
DA:31,0
DA:35,0
DA:36,0
DA:37,0
DA:41,5
DA:48,5
DA:50,5
DA:51,0
DA:52,0
DA:55,5
DA:56,5
DA:58,5
DA:60,5
LF:19
LH:9
BRDA:24,1,0,0
BRDA:24,1,1,0
BRDA:48,2,0,5
BRDA:48,2,1,0
BRDA:50,3,0,0
BRDA:50,3,1,5
BRDA:51,4,0,0
BRDA:51,4,1,0
BRF:8
BRH:2
end_of_record
TN:
SF:D:\Fiverr\picnic-v2\Contracts\contracts\Launchpad\Factory\ILPLokcerManager.sol
FNF:0
FNH:0
LF:0
LH:0
BRF:0
BRH:0
end_of_record
TN:
SF:D:\Fiverr\picnic-v2\Contracts\contracts\Launchpad\Factory\LaunchPadLib.sol
FNF:0
FNH:0
LF:0
LH:0
BRF:0
BRH:0
end_of_record
TN:
SF:D:\Fiverr\picnic-v2\Contracts\contracts\Launchpad\Factory\Launchpadv2.sol
FN:36,constructor
FN:40,validateCreateInput
FN:72,createPresale
FN:132,transferTokens
FN:144,whiteListUsersToStartProject
FN:150,updateFees
FN:155,withdrawBNBs
FNF:7
FNH:7
FNDA:15,constructor
FNDA:3,validateCreateInput
FNDA:3,createPresale
FNDA:3,transferTokens
FNDA:1,whiteListUsersToStartProject
FNDA:1,updateFees
FNDA:2,withdrawBNBs
DA:37,15
DA:50,3
DA:52,3
DA:53,0
DA:56,3
DA:58,3
DA:60,3
DA:61,3
DA:62,3
DA:64,3
DA:65,3
DA:66,3
DA:68,3
DA:80,3
DA:89,3
DA:91,3
DA:92,1
DA:95,3
DA:97,3
DA:103,3
DA:116,3
DA:126,3
DA:127,3
DA:134,3
DA:135,3
DA:138,3
DA:145,1
DA:146,1
DA:151,1
DA:152,1
DA:156,2
DA:157,2
DA:159,1
DA:160,1
DA:165,1
DA:166,1
DA:169,1
DA:170,1
LF:38
LH:37
BRDA:50,1,0,3
BRDA:50,1,1,0
BRDA:52,2,0,0
BRDA:52,2,1,3
BRDA:53,3,0,0
BRDA:53,3,1,0
BRDA:56,4,0,3
BRDA:56,4,1,0
BRDA:58,5,0,3
BRDA:58,5,1,0
BRDA:60,6,0,3
BRDA:60,6,1,0
BRDA:61,7,0,3
BRDA:61,7,1,0
BRDA:62,8,0,3
BRDA:62,8,1,0
BRDA:64,9,0,3
BRDA:64,9,1,0
BRDA:65,10,0,3
BRDA:65,10,1,0
BRDA:66,11,0,3
BRDA:66,11,1,0
BRDA:68,12,0,3
BRDA:68,12,1,0
BRDA:91,13,0,1
BRDA:91,13,1,2
BRDA:92,14,0,1
BRDA:92,14,1,0
BRDA:138,15,0,3
BRDA:138,15,1,0
BRDA:157,16,0,1
BRDA:157,16,1,1
BRDA:166,17,0,1
BRDA:166,17,1,0
BRDA:170,18,0,1
BRDA:170,18,1,0
BRF:36
BRH:19
end_of_record
TN:
SF:D:\Fiverr\picnic-v2\Contracts\contracts\Launchpad\Factory\Presale.sol
FN:41,isPresaleActive
FN:51,onlyPresaleOwner
FN:56,isPresaleEnded
FN:65,constructor
FN:94,validateBuyRequest
FN:124,buyTokensOnPresale
FN:143,finalizePresale
FN:184,extraTokensOnSeccess
FN:190,addLiquidity
FN:206,lockLiquidity
FN:214,distributeRevenue
FN:243,claimTokensOrARefund
FN:271,withdrawExtraTokens
FN:291,chageSaleType
FN:303,unlockTokens
FN:317,unlockLPTokens
FN:331,whiteListUsers
FN:337,removeWhiteListUsers
FN:343,getWhiteListUsers
FN:347,getWhiteListUsersCount
FN:351,isWhiteListed
FN:355,emergencyWithdraw
FNF:22
FNH:14
FNDA:31,isPresaleActive
FNDA:2,onlyPresaleOwner
FNDA:12,isPresaleEnded
FNDA:3,constructor
FNDA:31,validateBuyRequest
FNDA:31,buyTokensOnPresale
FNDA:1,finalizePresale
FNDA:1,extraTokensOnSeccess
FNDA:1,addLiquidity
FNDA:1,lockLiquidity
FNDA:1,distributeRevenue
FNDA:12,claimTokensOrARefund
FNDA:1,withdrawExtraTokens
FNDA:0,chageSaleType
FNDA:0,unlockTokens
FNDA:0,unlockLPTokens
FNDA:0,whiteListUsers
FNDA:0,removeWhiteListUsers
FNDA:0,getWhiteListUsers
FNDA:0,getWhiteListUsersCount
FNDA:0,isWhiteListed
FNDA:3,emergencyWithdraw
DA:42,31
DA:43,31
DA:44,31
DA:45,1
DA:47,31
DA:48,31
DA:52,2
DA:53,1
DA:57,12
DA:62,12
DA:77,3
DA:79,3
DA:80,3
DA:82,3
DA:84,3
DA:85,3
DA:86,3
DA:87,3
DA:88,3
DA:89,3
DA:90,3
DA:96,31
DA:98,31
DA:102,30
DA:105,30
DA:107,0
DA:111,30
DA:112,0
DA:115,30
DA:116,9
DA:117,9
DA:120,30
DA:126,31
DA:128,30
DA:130,30
DA:132,30
DA:133,30
DA:135,30
DA:136,30
DA:138,30
DA:139,30
DA:145,1
DA:147,1
DA:153,1
DA:155,1
DA:157,1
DA:159,1
DA:161,1
DA:162,1
DA:164,1
DA:165,1
DA:166,1
DA:168,1
DA:169,1
DA:174,0
DA:175,0
DA:176,0
DA:177,0
DA:178,0
DA:179,0
DA:185,1
DA:186,1
DA:187,1
DA:192,1
DA:194,1
DA:196,1
DA:208,1
DA:209,1
DA:210,1
DA:216,1
DA:218,1
DA:219,1
DA:220,1
DA:222,1
DA:223,1
DA:224,1
DA:225,1
DA:229,1
DA:230,1
DA:235,1
DA:236,1
DA:238,1
DA:245,12
DA:247,12
DA:249,6
DA:250,6
DA:252,6
DA:254,6
DA:256,6
DA:257,6
DA:258,6
DA:260,6
DA:261,6
DA:264,0
DA:265,0
DA:266,0
DA:273,1
DA:277,1
DA:278,0
DA:280,0
DA:281,0
DA:282,0
DA:285,0
DA:286,0
DA:292,0
DA:293,0
DA:294,0
DA:295,0
DA:296,0
DA:299,0
DA:305,0
DA:306,0
DA:308,0
DA:309,0
DA:311,0
DA:319,0
DA:321,0
DA:322,0
DA:324,0
DA:326,0
DA:327,0
DA:332,0
DA:333,0
DA:338,0
DA:339,0
DA:344,0
DA:348,0
DA:352,0
DA:357,3
DA:359,3
DA:360,3
DA:362,3
DA:364,3
DA:365,3
DA:367,3
DA:368,3
DA:370,3
DA:374,3
DA:375,3
DA:379,3
DA:380,3
LF:141
LH:100
BRDA:42,1,0,31
BRDA:42,1,1,0
BRDA:43,2,0,31
BRDA:43,2,1,0
BRDA:44,3,0,1
BRDA:44,3,1,30
BRDA:47,4,0,31
BRDA:47,4,1,0
BRDA:52,5,0,1
BRDA:52,5,1,1
BRDA:57,6,0,12
BRDA:57,6,1,0
BRDA:98,7,0,30
BRDA:98,7,1,1
BRDA:102,8,0,30
BRDA:102,8,1,0
BRDA:105,9,0,0
BRDA:105,9,1,30
BRDA:107,10,0,0
BRDA:107,10,1,0
BRDA:111,11,0,0
BRDA:111,11,1,30
BRDA:112,12,0,0
BRDA:112,12,1,0
BRDA:115,13,0,9
BRDA:115,13,1,21
BRDA:116,14,0,9
BRDA:116,14,1,0
BRDA:120,15,0,30
BRDA:120,15,1,0
BRDA:128,16,0,30
BRDA:128,16,1,0
BRDA:145,17,0,1
BRDA:145,17,1,0
BRDA:147,18,0,1
BRDA:147,18,1,0
BRDA:155,19,0,1
BRDA:155,19,1,0
BRDA:194,20,0,1
BRDA:194,20,1,0
BRDA:230,21,0,1
BRDA:230,21,1,0
BRDA:236,22,0,1
BRDA:236,22,1,0
BRDA:247,23,0,6
BRDA:247,23,1,6
BRDA:256,24,0,6
BRDA:256,24,1,0
BRDA:257,25,0,6
BRDA:257,25,1,0
BRDA:258,26,0,6
BRDA:258,26,1,0
BRDA:261,27,0,6
BRDA:261,27,1,0
BRDA:264,28,0,0
BRDA:264,28,1,0
BRDA:266,29,0,0
BRDA:266,29,1,0
BRDA:277,30,0,0
BRDA:277,30,1,1
BRDA:280,31,0,0
BRDA:280,31,1,0
BRDA:292,32,0,0
BRDA:292,32,1,0
BRDA:293,33,0,0
BRDA:293,33,1,0
BRDA:308,34,0,0
BRDA:308,34,1,0
BRDA:309,35,0,0
BRDA:309,35,1,0
BRDA:311,36,0,0
BRDA:311,36,1,0
BRDA:319,37,0,0
BRDA:319,37,1,0
BRDA:324,38,0,0
BRDA:324,38,1,0
BRDA:327,39,0,0
BRDA:327,39,1,0
BRDA:357,40,0,3
BRDA:357,40,1,0
BRDA:360,41,0,3
BRDA:360,41,1,0
BRDA:375,42,0,3
BRDA:375,42,1,0
BRDA:380,43,0,3
BRDA:380,43,1,0
BRF:86
BRH:35
end_of_record
TN:
SF:D:\Fiverr\picnic-v2\Contracts\contracts\Launchpad\ILockerFactory.sol
FNF:0
FNH:0
LF:0
LH:0
BRF:0
BRH:0
end_of_record
TN:
SF:D:\Fiverr\picnic-v2\Contracts\contracts\Launchpad\Launchpad.sol
FN:123,isIDValid
FN:128,isPresaleActive
FN:138,onlyPresaleOwner
FN:145,constructor
FN:164,whiteListUsersToStartProject
FN:168,whiteListUsersToBuyTokens
FN:172,updateFees
FN:177,updateSalesFeeInPercentForAProject
FN:181,validateCreateInput
FN:221,createPresale
FN:295,validateBuyRequest
FN:324,buyTokensOnPresale
FN:343,claimTokensOrARefund
FN:372,endPresale
FN:421,lockLiquidity
FN:440,distributeRevenue
FN:478,burnOrWithdrawTokens
FN:501,withdrawBNBs
FNF:18
FNH:15
FNDA:50,isIDValid
FNDA:26,isPresaleActive
FNDA:11,onlyPresaleOwner
FNDA:36,constructor
FNDA:1,whiteListUsersToStartProject
FNDA:0,whiteListUsersToBuyTokens
FNDA:1,updateFees
FNDA:0,updateSalesFeeInPercentForAProject
FNDA:24,validateCreateInput
FNDA:24,createPresale
FNDA:19,validateBuyRequest
FNDA:19,buyTokensOnPresale
FNDA:12,claimTokensOrARefund
FNDA:6,endPresale
FNDA:4,lockLiquidity
FNDA:4,distributeRevenue
FNDA:4,burnOrWithdrawTokens
FNDA:0,withdrawBNBs
DA:124,50
DA:125,49
DA:129,26
DA:130,25
DA:131,20
DA:132,7
DA:134,20
DA:135,19
DA:139,11
DA:140,10
DA:154,36
DA:155,36
DA:156,36
DA:158,36
DA:159,36
DA:161,36
DA:165,1
DA:169,0
DA:173,1
DA:174,1
DA:178,0
DA:192,24
DA:194,23
DA:196,23
DA:197,21
DA:200,22
DA:201,1
DA:204,21
DA:206,19
DA:208,18
DA:209,17
DA:210,16
DA:212,15
DA:213,14
DA:214,13
DA:216,12
DA:236,24
DA:248,11
DA:250,11
DA:255,10
DA:257,10
DA:271,10
DA:278,10
DA:283,10
DA:284,10
DA:297,19
DA:298,19
DA:299,19
DA:301,19
DA:303,19
DA:304,0
DA:307,19
DA:308,0
DA:311,19
DA:312,19
DA:314,19
DA:315,19
DA:316,19
DA:319,19
DA:326,19
DA:328,19
DA:329,19
DA:331,19
DA:332,19
DA:334,19
DA:335,19
DA:337,19
DA:338,19
DA:345,12
DA:346,12
DA:348,12
DA:349,12
DA:350,12
DA:352,12
DA:354,12
DA:356,12
DA:358,12
DA:359,6
DA:360,3
DA:361,3
DA:362,3
DA:365,6
DA:366,2
DA:367,2
DA:374,6
DA:376,6
DA:378,6
DA:384,6
DA:386,6
DA:388,4
DA:390,4
DA:392,4
DA:395,4
DA:404,4
DA:406,4
DA:407,4
DA:408,4
DA:409,4
DA:414,2
DA:415,2
DA:423,4
DA:424,4
DA:426,4
DA:427,4
DA:429,4
DA:430,4
DA:432,4
DA:433,4
DA:434,4
DA:436,4
DA:442,4
DA:444,4
DA:446,4
DA:448,4
DA:449,4
DA:450,4
DA:452,4
DA:453,4
DA:454,4
DA:455,4
DA:457,4
DA:460,4
DA:461,4
DA:464,4
DA:465,4
DA:468,4
DA:472,0
DA:480,4
DA:481,4
DA:482,2
DA:484,2
DA:491,2
DA:492,1
DA:493,1
DA:496,1
DA:497,1
DA:502,0
DA:503,0
DA:504,0
DA:505,0
LF:140
LH:131
BRDA:124,1,0,49
BRDA:124,1,1,1
BRDA:129,2,0,25
BRDA:129,2,1,1
BRDA:130,3,0,20
BRDA:130,3,1,5
BRDA:131,4,0,7
BRDA:131,4,1,13
BRDA:134,5,0,19
BRDA:134,5,1,1
BRDA:139,6,0,10
BRDA:139,6,1,1
BRDA:192,7,0,23
BRDA:192,7,1,1
BRDA:196,8,0,21
BRDA:196,8,1,2
BRDA:197,9,0,20
BRDA:197,9,1,1
BRDA:200,10,0,1
BRDA:200,10,1,21
BRDA:201,11,0,0
BRDA:201,11,1,1
BRDA:204,12,0,19
BRDA:204,12,1,2
BRDA:206,13,0,18
BRDA:206,13,1,1
BRDA:208,14,0,17
BRDA:208,14,1,1
BRDA:209,15,0,16
BRDA:209,15,1,1
BRDA:210,16,0,15
BRDA:210,16,1,1
BRDA:212,17,0,14
BRDA:212,17,1,1
BRDA:213,18,0,13
BRDA:213,18,1,1
BRDA:214,19,0,12
BRDA:214,19,1,1
BRDA:216,20,0,11
BRDA:216,20,1,1
BRDA:250,21,0,10
BRDA:250,21,1,1
BRDA:301,22,0,19
BRDA:301,22,1,0
BRDA:303,23,0,0
BRDA:303,23,1,19
BRDA:304,24,0,0
BRDA:304,24,1,0
BRDA:307,25,0,0
BRDA:307,25,1,19
BRDA:308,26,0,0
BRDA:308,26,1,0
BRDA:311,27,0,19
BRDA:311,27,1,0
BRDA:312,28,0,19
BRDA:312,28,1,0
BRDA:314,29,0,19
BRDA:314,29,1,0
BRDA:316,30,0,19
BRDA:316,30,1,0
BRDA:319,31,0,19
BRDA:319,31,1,0
BRDA:354,32,0,12
BRDA:354,32,1,0
BRDA:358,33,0,6
BRDA:358,33,1,6
BRDA:359,34,0,3
BRDA:359,34,1,3
BRDA:360,35,0,3
BRDA:360,35,1,0
BRDA:362,36,0,3
BRDA:362,36,1,0
BRDA:364,37,0,6
BRDA:364,37,1,0
BRDA:365,38,0,2
BRDA:365,38,1,4
BRDA:367,39,0,2
BRDA:367,39,1,0
BRDA:376,40,0,6
BRDA:376,40,1,0
BRDA:378,41,0,6
BRDA:378,41,1,0
BRDA:386,42,0,4
BRDA:386,42,1,2
BRDA:392,43,0,4
BRDA:392,43,1,0
BRDA:404,44,0,4
BRDA:404,44,1,0
BRDA:429,45,0,4
BRDA:429,45,1,0
BRDA:446,46,0,4
BRDA:446,46,1,0
BRDA:457,47,0,4
BRDA:457,47,1,0
BRDA:461,48,0,4
BRDA:461,48,1,0
BRDA:465,49,0,4
BRDA:465,49,1,0
BRDA:481,50,0,2
BRDA:481,50,1,2
BRDA:491,51,0,1
BRDA:491,51,1,1
BRDA:503,52,0,0
BRDA:503,52,1,0
BRDA:505,53,0,0
BRDA:505,53,1,0
BRF:106
BRH:75
end_of_record
TN:
SF:D:\Fiverr\picnic-v2\Contracts\contracts\Launchpad\SalesTracker.sol
FN:13,addActiveSale
FN:17,removeActiveSale
FN:21,containsActiveSale
FN:25,activeSalesCount
FN:29,activeSalesList
FNF:5
FNH:0
FNDA:0,addActiveSale
FNDA:0,removeActiveSale
FNDA:0,containsActiveSale
FNDA:0,activeSalesCount
FNDA:0,activeSalesList
DA:14,0
DA:18,0
DA:22,0
DA:26,0
DA:30,0
LF:5
LH:0
BRF:0
BRH:0
end_of_record
TN:
SF:D:\Fiverr\picnic-v2\Contracts\contracts\Locker\ILocker.sol
FNF:0
FNH:0
LF:0
LH:0
BRF:0
BRH:0
end_of_record
TN:
SF:D:\Fiverr\picnic-v2\Contracts\contracts\Locker\Locker.sol
FN:30,onlyMaster
FN:46,constructor
FN:59,unlockTokens
FN:64,addTokenstoALocker
FN:69,increaseLocktime
FNF:5
FNH:5
FNDA:8,onlyMaster
FNDA:15,constructor
FNDA:3,unlockTokens
FNDA:1,addTokenstoALocker
FNDA:1,increaseLocktime
DA:31,8
DA:32,5
DA:54,15
DA:55,15
DA:60,3
DA:61,3
DA:66,1
DA:71,1
LF:8
LH:8
BRDA:31,1,0,5
BRDA:31,1,1,3
BRF:2
BRH:2
end_of_record
TN:
SF:D:\Fiverr\picnic-v2\Contracts\contracts\Locker\LokcerFactory.sol
FN:44,OnlyLockerOnwer
FN:49,NotExpired
FN:55,Expired
FN:61,createLcoker
FN:98,unlockTokens
FN:115,addTokenstoALocker
FN:130,increaseLocktime
FN:142,getLockersListbyUser
FN:146,getLockersListbyToken
FN:150,updateFees
FN:155,withdrawFunds
FN:161,setLaunchPadAddress
FNF:12
FNH:12
FNDA:11,OnlyLockerOnwer
FNDA:8,NotExpired
FNDA:7,Expired
FNDA:17,createLcoker
FNDA:4,unlockTokens
FNDA:3,addTokenstoALocker
FNDA:3,increaseLocktime
FNDA:2,getLockersListbyUser
FNDA:4,getLockersListbyToken
FNDA:1,updateFees
FNDA:2,withdrawFunds
FNDA:13,setLaunchPadAddress
DA:45,11
DA:46,10
DA:50,8
DA:51,7
DA:52,6
DA:56,7
DA:57,6
DA:58,5
DA:63,17
DA:65,17
DA:66,13
DA:69,16
DA:71,15
DA:73,15
DA:75,15
DA:77,15
DA:89,15
DA:90,15
DA:92,15
DA:94,15
DA:100,4
DA:101,4
DA:103,3
DA:105,3
DA:107,3
DA:108,2
DA:111,3
DA:117,3
DA:118,2
DA:120,1
DA:122,1
DA:124,1
DA:126,1
DA:132,3
DA:133,2
DA:135,1
DA:137,1
DA:138,1
DA:143,2
DA:147,4
DA:151,1
DA:152,1
DA:156,2
DA:157,2
DA:158,1
DA:162,13
LF:46
LH:46
BRDA:45,1,0,10
BRDA:45,1,1,1
BRDA:50,2,0,7
BRDA:50,2,1,1
BRDA:51,3,0,6
BRDA:51,3,1,1
BRDA:56,4,0,6
BRDA:56,4,1,1
BRDA:57,5,0,5
BRDA:57,5,1,1
BRDA:65,6,0,13
BRDA:65,6,1,4
BRDA:66,7,0,12
BRDA:66,7,1,1
BRDA:69,8,0,15
BRDA:69,8,1,1
BRDA:101,9,0,3
BRDA:101,9,1,1
BRDA:107,10,0,2
BRDA:107,10,1,1
BRDA:117,11,0,2
BRDA:117,11,1,1
BRDA:118,12,0,1
BRDA:118,12,1,1
BRDA:132,13,0,2
BRDA:132,13,1,1
BRDA:133,14,0,1
BRDA:133,14,1,1
BRDA:157,15,0,1
BRDA:157,15,1,1
BRF:30
BRH:30
end_of_record
TN:
SF:D:\Fiverr\picnic-v2\Contracts\contracts\Locker\PICNICLocker.sol
FN:41,OnlyLockerOnwer
FN:46,NotExpired
FN:51,Expired
FN:57,lockTokens
FN:83,unlockTokens
FN:100,addTokenstoALocker
FN:111,increaseLocktime
FN:120,getLockersListbyUser
FN:124,getLockersListbyToken
FN:128,updateFees
FN:133,withdrawFunds
FNF:11
FNH:0
FNDA:0,OnlyLockerOnwer
FNDA:0,NotExpired
FNDA:0,Expired
FNDA:0,lockTokens
FNDA:0,unlockTokens
FNDA:0,addTokenstoALocker
FNDA:0,increaseLocktime
FNDA:0,getLockersListbyUser
FNDA:0,getLockersListbyToken
FNDA:0,updateFees
FNDA:0,withdrawFunds
DA:42,0
DA:43,0
DA:47,0
DA:48,0
DA:52,0
DA:53,0
DA:58,0
DA:59,0
DA:61,0
DA:63,0
DA:65,0
DA:76,0
DA:77,0
DA:79,0
DA:85,0
DA:86,0
DA:88,0
DA:90,0
DA:92,0
DA:93,0
DA:96,0
DA:102,0
DA:103,0
DA:105,0
DA:107,0
DA:113,0
DA:114,0
DA:116,0
DA:121,0
DA:125,0
DA:129,0
DA:130,0
DA:134,0
DA:135,0
DA:136,0
LF:35
LH:0
BRDA:42,1,0,0
BRDA:42,1,1,0
BRDA:47,2,0,0
BRDA:47,2,1,0
BRDA:52,3,0,0
BRDA:52,3,1,0
BRDA:58,4,0,0
BRDA:58,4,1,0
BRDA:59,5,0,0
BRDA:59,5,1,0
BRDA:86,6,0,0
BRDA:86,6,1,0
BRDA:92,7,0,0
BRDA:92,7,1,0
BRDA:102,8,0,0
BRDA:102,8,1,0
BRDA:103,9,0,0
BRDA:103,9,1,0
BRDA:113,10,0,0
BRDA:113,10,1,0
BRDA:114,11,0,0
BRDA:114,11,1,0
BRDA:135,12,0,0
BRDA:135,12,1,0
BRF:24
BRH:0
end_of_record
TN:
SF:D:\Fiverr\picnic-v2\Contracts\contracts\LPLocker\LPLocker.sol
FN:27,constructor
FN:38,unlockTokens
FNF:2
FNH:0
FNDA:0,constructor
FNDA:0,unlockTokens
DA:35,0
DA:40,0
DA:41,0
DA:44,0
DA:45,0
LF:5
LH:0
BRDA:40,1,0,0
BRDA:40,1,1,0
BRDA:41,2,0,0
BRDA:41,2,1,0
BRF:4
BRH:0
end_of_record
TN:
SF:D:\Fiverr\picnic-v2\Contracts\contracts\LPLocker\LPLokcerManager.sol
FN:39,createLPLcoker
FNF:1
FNH:0
FNDA:0,createLPLcoker
DA:43,0
DA:45,0
DA:47,0
DA:49,0
DA:52,0
DA:62,0
DA:65,0
DA:66,0
DA:67,0
DA:69,0
DA:71,0
LF:11
LH:0
BRDA:43,1,0,0
BRDA:43,1,1,0
BRF:2
BRH:0
end_of_record
