{"contracts\\helpers\\BEP20.sol":{"l":{},"path":"D:\\Fiverr\\picnic-v2\\Contracts\\contracts\\helpers\\BEP20.sol","s":{},"b":{},"f":{"1":0},"fnMap":{"1":{"name":"constructor","line":8,"loc":{"start":{"line":8,"column":0},"end":{"line":8,"column":56}}}},"statementMap":{},"branchMap":{}},"contracts\\helpers\\PICNICToken.sol":{"l":{},"path":"D:\\Fiverr\\picnic-v2\\Contracts\\contracts\\helpers\\PICNICToken.sol","s":{},"b":{},"f":{"1":0},"fnMap":{"1":{"name":"constructor","line":8,"loc":{"start":{"line":8,"column":4},"end":{"line":8,"column":71}}}},"statementMap":{},"branchMap":{}},"contracts\\helpers\\PresaleToken.sol":{"l":{},"path":"D:\\Fiverr\\picnic-v2\\Contracts\\contracts\\helpers\\PresaleToken.sol","s":{},"b":{},"f":{"1":36},"fnMap":{"1":{"name":"constructor","line":8,"loc":{"start":{"line":8,"column":4},"end":{"line":8,"column":68}}}},"statementMap":{},"branchMap":{}},"contracts\\helpers\\TestCoin.sol":{"l":{},"path":"D:\\Fiverr\\picnic-v2\\Contracts\\contracts\\helpers\\TestCoin.sol","s":{},"b":{},"f":{"1":90},"fnMap":{"1":{"name":"constructor","line":7,"loc":{"start":{"line":7,"column":4},"end":{"line":7,"column":63}}}},"statementMap":{},"branchMap":{}},"contracts\\helpers\\UniswapV2FactoryClone.sol":{"l":{},"path":"D:\\Fiverr\\picnic-v2\\Contracts\\contracts\\helpers\\UniswapV2FactoryClone.sol","s":{},"b":{},"f":{"1":0},"fnMap":{"1":{"name":"constructor","line":9,"loc":{"start":{"line":9,"column":4},"end":{"line":9,"column":77}}}},"statementMap":{},"branchMap":{}},"contracts\\helpers\\UniswapV2PairClone.sol":{"l":{},"path":"D:\\Fiverr\\picnic-v2\\Contracts\\contracts\\helpers\\UniswapV2PairClone.sol","s":{},"b":{},"f":{},"fnMap":{},"statementMap":{},"branchMap":{}},"contracts\\helpers\\UniswapV2Router02Clone.sol":{"l":{},"path":"D:\\Fiverr\\picnic-v2\\Contracts\\contracts\\helpers\\UniswapV2Router02Clone.sol","s":{},"b":{},"f":{"1":0},"fnMap":{"1":{"name":"constructor","line":10,"loc":{"start":{"line":9,"column":4},"end":{"line":10,"column":47}}}},"statementMap":{},"branchMap":{}},"contracts\\helpers\\WETH9.sol":{"l":{"20":4,"21":4,"24":0,"25":0,"26":0,"27":0,"31":0,"35":0,"36":0,"37":0,"41":4,"48":4,"50":4,"51":0,"52":0,"55":4,"56":4,"58":4,"60":4},"path":"D:\\Fiverr\\picnic-v2\\Contracts\\contracts\\helpers\\WETH9.sol","s":{"1":4,"2":4,"3":0,"4":0,"5":0,"6":0,"7":0,"8":0,"9":0,"10":0,"11":4,"12":4,"13":4,"14":0,"15":0,"16":4,"17":4,"18":4,"19":4},"b":{"1":[0,0],"2":[4,0],"3":[0,4],"4":[0,0]},"f":{"1":4,"2":0,"3":0,"4":0,"5":4,"6":4},"fnMap":{"1":{"name":"deposit","line":19,"loc":{"start":{"line":19,"column":4},"end":{"line":22,"column":4}}},"2":{"name":"withdraw","line":23,"loc":{"start":{"line":23,"column":4},"end":{"line":28,"column":4}}},"3":{"name":"totalSupply","line":30,"loc":{"start":{"line":30,"column":4},"end":{"line":32,"column":4}}},"4":{"name":"approve","line":34,"loc":{"start":{"line":34,"column":4},"end":{"line":38,"column":4}}},"5":{"name":"transfer","line":40,"loc":{"start":{"line":40,"column":4},"end":{"line":42,"column":4}}},"6":{"name":"transferFrom","line":44,"loc":{"start":{"line":44,"column":4},"end":{"line":61,"column":4}}}},"statementMap":{"1":{"start":{"line":20,"column":8},"end":{"line":20,"column":41}},"2":{"start":{"line":21,"column":8},"end":{"line":21,"column":43}},"3":{"start":{"line":24,"column":8},"end":{"line":24,"column":48}},"4":{"start":{"line":25,"column":8},"end":{"line":25,"column":35}},"5":{"start":{"line":26,"column":8},"end":{"line":26,"column":31}},"6":{"start":{"line":27,"column":8},"end":{"line":27,"column":40}},"7":{"start":{"line":31,"column":8},"end":{"line":31,"column":36}},"8":{"start":{"line":35,"column":8},"end":{"line":35,"column":39}},"9":{"start":{"line":36,"column":8},"end":{"line":36,"column":43}},"10":{"start":{"line":37,"column":8},"end":{"line":37,"column":19}},"11":{"start":{"line":41,"column":8},"end":{"line":41,"column":49}},"12":{"start":{"line":48,"column":8},"end":{"line":48,"column":41}},"13":{"start":{"line":50,"column":8},"end":{"line":50,"column":1596}},"14":{"start":{"line":51,"column":12},"end":{"line":51,"column":57}},"15":{"start":{"line":52,"column":12},"end":{"line":52,"column":44}},"16":{"start":{"line":55,"column":8},"end":{"line":55,"column":28}},"17":{"start":{"line":56,"column":8},"end":{"line":56,"column":28}},"18":{"start":{"line":58,"column":8},"end":{"line":58,"column":36}},"19":{"start":{"line":60,"column":8},"end":{"line":60,"column":19}}},"branchMap":{"1":{"line":24,"type":"if","locations":[{"start":{"line":24,"column":8},"end":{"line":24,"column":8}},{"start":{"line":24,"column":8},"end":{"line":24,"column":8}}]},"2":{"line":48,"type":"if","locations":[{"start":{"line":48,"column":8},"end":{"line":48,"column":8}},{"start":{"line":48,"column":8},"end":{"line":48,"column":8}}]},"3":{"line":50,"type":"if","locations":[{"start":{"line":50,"column":8},"end":{"line":50,"column":8}},{"start":{"line":50,"column":8},"end":{"line":50,"column":8}}]},"4":{"line":51,"type":"if","locations":[{"start":{"line":51,"column":12},"end":{"line":51,"column":12}},{"start":{"line":51,"column":12},"end":{"line":51,"column":12}}]}}},"contracts\\Launchpad\\ILockerFactory.sol":{"l":{},"path":"D:\\Fiverr\\picnic-v2\\Contracts\\contracts\\Launchpad\\ILockerFactory.sol","s":{},"b":{},"f":{},"fnMap":{},"statementMap":{},"branchMap":{}},"contracts\\Launchpad\\Launchpad.sol":{"l":{"126":50,"127":49,"131":26,"132":25,"133":20,"134":7,"136":20,"137":19,"141":11,"142":10,"156":36,"157":36,"158":36,"160":36,"161":36,"163":36,"167":1,"171":0,"175":1,"176":1,"180":0,"194":24,"196":23,"198":23,"199":21,"202":22,"203":1,"206":21,"208":19,"210":18,"211":17,"212":16,"214":15,"215":14,"216":13,"218":12,"238":24,"250":11,"252":11,"257":10,"259":10,"273":10,"280":10,"285":10,"286":10,"299":19,"300":19,"301":19,"303":19,"305":19,"306":0,"309":19,"310":0,"313":19,"314":19,"316":19,"317":19,"318":19,"321":19,"328":19,"330":19,"331":19,"333":19,"334":19,"336":19,"337":19,"339":19,"340":19,"347":12,"348":12,"350":12,"351":12,"352":12,"354":12,"356":12,"358":12,"360":12,"361":6,"362":3,"363":3,"364":3,"367":6,"368":2,"369":2,"376":6,"378":6,"380":6,"386":6,"388":6,"390":4,"392":4,"394":4,"397":4,"406":4,"408":4,"409":4,"410":4,"411":4,"416":2,"417":2,"425":4,"426":4,"428":4,"429":4,"431":4,"432":4,"434":4,"435":4,"436":4,"438":4,"444":4,"446":4,"448":4,"450":4,"451":4,"452":4,"454":4,"455":4,"456":4,"457":4,"459":4,"462":4,"463":4,"466":4,"467":4,"470":4,"474":0,"482":4,"483":4,"484":2,"486":2,"493":2,"494":1,"495":1,"498":1,"499":1,"504":0,"505":0,"506":0,"507":0},"path":"D:\\Fiverr\\picnic-v2\\Contracts\\contracts\\Launchpad\\Launchpad.sol","s":{"1":50,"2":26,"3":25,"4":20,"5":7,"6":20,"7":11,"8":36,"9":36,"10":36,"11":36,"12":36,"13":36,"14":1,"15":0,"16":1,"17":1,"18":0,"19":24,"20":23,"21":23,"22":21,"23":22,"24":1,"25":21,"26":19,"27":18,"28":17,"29":16,"30":15,"31":14,"32":13,"33":12,"34":24,"35":11,"36":11,"37":10,"38":10,"39":10,"40":10,"41":10,"42":19,"43":19,"44":19,"45":19,"46":19,"47":0,"48":19,"49":0,"50":19,"51":19,"52":19,"53":19,"54":19,"55":19,"56":19,"57":19,"58":19,"59":19,"60":19,"61":19,"62":19,"63":19,"64":12,"65":12,"66":12,"67":12,"68":12,"69":12,"70":12,"71":12,"72":6,"73":3,"74":3,"75":3,"76":6,"77":6,"78":2,"79":2,"80":6,"81":6,"82":6,"83":6,"84":6,"85":4,"86":4,"87":4,"88":4,"89":4,"90":4,"91":4,"92":4,"93":4,"94":2,"95":2,"96":4,"97":4,"98":4,"99":4,"100":4,"101":4,"102":4,"103":4,"104":4,"105":4,"106":4,"107":4,"108":4,"109":4,"110":4,"111":4,"112":4,"113":4,"114":4,"115":4,"116":4,"117":4,"118":4,"119":4,"120":4,"121":4,"122":0,"123":4,"124":4,"125":2,"126":2,"127":2,"128":1,"129":1,"130":1,"131":1,"132":0,"133":0,"134":0,"135":0},"b":{"1":[49,1],"2":[25,1],"3":[20,5],"4":[7,13],"5":[19,1],"6":[10,1],"7":[23,1],"8":[21,2],"9":[20,1],"10":[1,21],"11":[0,1],"12":[19,2],"13":[18,1],"14":[17,1],"15":[16,1],"16":[15,1],"17":[14,1],"18":[13,1],"19":[12,1],"20":[11,1],"21":[10,1],"22":[19,0],"23":[0,19],"24":[0,0],"25":[0,19],"26":[0,0],"27":[19,0],"28":[19,0],"29":[19,0],"30":[19,0],"31":[19,0],"32":[12,0],"33":[6,6],"34":[3,3],"35":[3,0],"36":[3,0],"37":[6,0],"38":[2,4],"39":[2,0],"40":[6,0],"41":[6,0],"42":[4,2],"43":[4,0],"44":[4,0],"45":[4,0],"46":[4,0],"47":[4,0],"48":[4,0],"49":[4,0],"50":[2,2],"51":[1,1],"52":[0,0],"53":[0,0]},"f":{"1":50,"2":26,"3":11,"4":36,"5":1,"6":0,"7":1,"8":0,"9":24,"10":24,"11":19,"12":19,"13":12,"14":6,"15":4,"16":4,"17":4,"18":0},"fnMap":{"1":{"name":"isIDValid","line":125,"loc":{"start":{"line":125,"column":4},"end":{"line":128,"column":4}}},"2":{"name":"isPresaleActive","line":130,"loc":{"start":{"line":130,"column":4},"end":{"line":138,"column":4}}},"3":{"name":"onlyPresaleOwner","line":140,"loc":{"start":{"line":140,"column":4},"end":{"line":143,"column":4}}},"4":{"name":"constructor","line":147,"loc":{"start":{"line":147,"column":4},"end":{"line":164,"column":4}}},"5":{"name":"whiteListUsersToStartProject","line":166,"loc":{"start":{"line":166,"column":4},"end":{"line":168,"column":4}}},"6":{"name":"whiteListUsersToBuyTokens","line":170,"loc":{"start":{"line":170,"column":4},"end":{"line":172,"column":4}}},"7":{"name":"updateFees","line":174,"loc":{"start":{"line":174,"column":4},"end":{"line":177,"column":4}}},"8":{"name":"updateSalesFeeInPercentForAProject","line":179,"loc":{"start":{"line":179,"column":4},"end":{"line":181,"column":4}}},"9":{"name":"validateCreateInput","line":183,"loc":{"start":{"line":183,"column":4},"end":{"line":220,"column":4}}},"10":{"name":"createPresale","line":223,"loc":{"start":{"line":223,"column":4},"end":{"line":287,"column":4}}},"11":{"name":"validateBuyRequest","line":297,"loc":{"start":{"line":297,"column":4},"end":{"line":324,"column":4}}},"12":{"name":"buyTokensOnPresale","line":326,"loc":{"start":{"line":326,"column":4},"end":{"line":343,"column":4}}},"13":{"name":"claimTokensOrARefund","line":345,"loc":{"start":{"line":345,"column":4},"end":{"line":372,"column":4}}},"14":{"name":"endPresale","line":374,"loc":{"start":{"line":374,"column":4},"end":{"line":421,"column":4}}},"15":{"name":"lockLiquidity","line":423,"loc":{"start":{"line":423,"column":4},"end":{"line":440,"column":4}}},"16":{"name":"distributeRevenue","line":442,"loc":{"start":{"line":442,"column":4},"end":{"line":478,"column":4}}},"17":{"name":"burnOrWithdrawTokens","line":480,"loc":{"start":{"line":480,"column":4},"end":{"line":501,"column":4}}},"18":{"name":"withdrawBNBs","line":503,"loc":{"start":{"line":503,"column":4},"end":{"line":509,"column":4}}}},"statementMap":{"1":{"start":{"line":126,"column":8},"end":{"line":126,"column":87}},"2":{"start":{"line":131,"column":8},"end":{"line":131,"column":133}},"3":{"start":{"line":132,"column":8},"end":{"line":132,"column":125}},"4":{"start":{"line":133,"column":8},"end":{"line":133,"column":4681}},"5":{"start":{"line":134,"column":12},"end":{"line":134,"column":68}},"6":{"start":{"line":136,"column":8},"end":{"line":136,"column":104}},"7":{"start":{"line":141,"column":8},"end":{"line":141,"column":117}},"8":{"start":{"line":156,"column":8},"end":{"line":156,"column":55}},"9":{"start":{"line":157,"column":8},"end":{"line":157,"column":53}},"10":{"start":{"line":158,"column":8},"end":{"line":158,"column":27}},"11":{"start":{"line":160,"column":8},"end":{"line":160,"column":27}},"12":{"start":{"line":161,"column":8},"end":{"line":161,"column":25}},"13":{"start":{"line":163,"column":8},"end":{"line":163,"column":45}},"14":{"start":{"line":167,"column":8},"end":{"line":167,"column":55}},"15":{"start":{"line":171,"column":8},"end":{"line":171,"column":54}},"16":{"start":{"line":175,"column":8},"end":{"line":175,"column":31}},"17":{"start":{"line":176,"column":8},"end":{"line":176,"column":45}},"18":{"start":{"line":180,"column":8},"end":{"line":180,"column":47}},"19":{"start":{"line":194,"column":8},"end":{"line":194,"column":94}},"20":{"start":{"line":196,"column":8},"end":{"line":196,"column":93}},"21":{"start":{"line":198,"column":8},"end":{"line":198,"column":6958}},"22":{"start":{"line":199,"column":12},"end":{"line":199,"column":75}},"23":{"start":{"line":202,"column":8},"end":{"line":202,"column":7084}},"24":{"start":{"line":203,"column":12},"end":{"line":203,"column":102}},"25":{"start":{"line":206,"column":8},"end":{"line":206,"column":122}},"26":{"start":{"line":208,"column":8},"end":{"line":208,"column":74}},"27":{"start":{"line":210,"column":8},"end":{"line":210,"column":91}},"28":{"start":{"line":211,"column":8},"end":{"line":211,"column":109}},"29":{"start":{"line":212,"column":8},"end":{"line":212,"column":107}},"30":{"start":{"line":214,"column":8},"end":{"line":214,"column":127}},"31":{"start":{"line":215,"column":8},"end":{"line":215,"column":120}},"32":{"start":{"line":216,"column":8},"end":{"line":216,"column":130}},"33":{"start":{"line":218,"column":8},"end":{"line":218,"column":86}},"34":{"start":{"line":238,"column":8},"end":{"line":238,"column":8780}},"35":{"start":{"line":250,"column":8},"end":{"line":250,"column":81}},"36":{"start":{"line":252,"column":8},"end":{"line":252,"column":9164}},"37":{"start":{"line":259,"column":8},"end":{"line":259,"column":9395}},"38":{"start":{"line":273,"column":8},"end":{"line":273,"column":9857}},"39":{"start":{"line":280,"column":8},"end":{"line":280,"column":10080}},"40":{"start":{"line":285,"column":8},"end":{"line":285,"column":62}},"41":{"start":{"line":286,"column":8},"end":{"line":286,"column":20}},"42":{"start":{"line":299,"column":8},"end":{"line":299,"column":50}},"43":{"start":{"line":300,"column":8},"end":{"line":300,"column":88}},"44":{"start":{"line":301,"column":8},"end":{"line":301,"column":76}},"45":{"start":{"line":303,"column":8},"end":{"line":303,"column":72}},"46":{"start":{"line":305,"column":8},"end":{"line":305,"column":11085}},"47":{"start":{"line":306,"column":12},"end":{"line":306,"column":114}},"48":{"start":{"line":309,"column":8},"end":{"line":309,"column":11288}},"49":{"start":{"line":310,"column":12},"end":{"line":310,"column":143}},"50":{"start":{"line":313,"column":8},"end":{"line":313,"column":113}},"51":{"start":{"line":314,"column":8},"end":{"line":314,"column":83}},"52":{"start":{"line":316,"column":8},"end":{"line":316,"column":11727}},"53":{"start":{"line":318,"column":12},"end":{"line":318,"column":149}},"54":{"start":{"line":321,"column":8},"end":{"line":321,"column":174}},"55":{"start":{"line":328,"column":8},"end":{"line":328,"column":53}},"56":{"start":{"line":330,"column":8},"end":{"line":330,"column":50}},"57":{"start":{"line":331,"column":8},"end":{"line":331,"column":76}},"58":{"start":{"line":333,"column":8},"end":{"line":333,"column":83}},"59":{"start":{"line":334,"column":8},"end":{"line":334,"column":103}},"60":{"start":{"line":336,"column":8},"end":{"line":336,"column":63}},"61":{"start":{"line":337,"column":8},"end":{"line":337,"column":77}},"62":{"start":{"line":339,"column":8},"end":{"line":339,"column":52}},"63":{"start":{"line":340,"column":8},"end":{"line":340,"column":54}},"64":{"start":{"line":347,"column":8},"end":{"line":347,"column":70}},"65":{"start":{"line":348,"column":8},"end":{"line":348,"column":59}},"66":{"start":{"line":350,"column":8},"end":{"line":350,"column":45}},"67":{"start":{"line":351,"column":8},"end":{"line":351,"column":46}},"68":{"start":{"line":354,"column":8},"end":{"line":354,"column":62}},"69":{"start":{"line":356,"column":8},"end":{"line":356,"column":115}},"70":{"start":{"line":358,"column":8},"end":{"line":358,"column":69}},"71":{"start":{"line":360,"column":8},"end":{"line":360,"column":13634}},"72":{"start":{"line":361,"column":12},"end":{"line":361,"column":65}},"73":{"start":{"line":362,"column":12},"end":{"line":362,"column":95}},"74":{"start":{"line":363,"column":12},"end":{"line":363,"column":91}},"75":{"start":{"line":364,"column":12},"end":{"line":364,"column":85}},"76":{"start":{"line":366,"column":13},"end":{"line":366,"column":14049}},"77":{"start":{"line":367,"column":12},"end":{"line":367,"column":65}},"78":{"start":{"line":368,"column":12},"end":{"line":368,"column":70}},"79":{"start":{"line":369,"column":12},"end":{"line":369,"column":72}},"80":{"start":{"line":376,"column":8},"end":{"line":376,"column":50}},"81":{"start":{"line":378,"column":8},"end":{"line":378,"column":92}},"82":{"start":{"line":380,"column":8},"end":{"line":380,"column":14597}},"83":{"start":{"line":386,"column":8},"end":{"line":386,"column":85}},"84":{"start":{"line":388,"column":8},"end":{"line":388,"column":14912}},"85":{"start":{"line":390,"column":12},"end":{"line":390,"column":99}},"86":{"start":{"line":392,"column":16},"end":{"line":392,"column":61}},"87":{"start":{"line":394,"column":16},"end":{"line":394,"column":154}},"88":{"start":{"line":397,"column":16},"end":{"line":397,"column":15450}},"89":{"start":{"line":406,"column":16},"end":{"line":406,"column":76}},"90":{"start":{"line":408,"column":16},"end":{"line":408,"column":66}},"91":{"start":{"line":409,"column":16},"end":{"line":409,"column":78}},"92":{"start":{"line":410,"column":16},"end":{"line":410,"column":146}},"93":{"start":{"line":411,"column":16},"end":{"line":411,"column":69}},"94":{"start":{"line":416,"column":12},"end":{"line":416,"column":124}},"95":{"start":{"line":417,"column":12},"end":{"line":417,"column":64}},"96":{"start":{"line":425,"column":8},"end":{"line":425,"column":50}},"97":{"start":{"line":426,"column":8},"end":{"line":426,"column":88}},"98":{"start":{"line":428,"column":8},"end":{"line":428,"column":117}},"99":{"start":{"line":429,"column":8},"end":{"line":429,"column":68}},"100":{"start":{"line":431,"column":8},"end":{"line":431,"column":132}},"101":{"start":{"line":432,"column":8},"end":{"line":432,"column":169}},"102":{"start":{"line":434,"column":8},"end":{"line":434,"column":49}},"103":{"start":{"line":435,"column":8},"end":{"line":435,"column":43}},"104":{"start":{"line":436,"column":8},"end":{"line":436,"column":45}},"105":{"start":{"line":438,"column":8},"end":{"line":438,"column":19}},"106":{"start":{"line":444,"column":8},"end":{"line":444,"column":50}},"107":{"start":{"line":446,"column":8},"end":{"line":446,"column":60}},"108":{"start":{"line":448,"column":8},"end":{"line":448,"column":17682}},"109":{"start":{"line":450,"column":8},"end":{"line":450,"column":100}},"110":{"start":{"line":451,"column":8},"end":{"line":451,"column":90}},"111":{"start":{"line":452,"column":8},"end":{"line":452,"column":90}},"112":{"start":{"line":454,"column":8},"end":{"line":454,"column":64}},"113":{"start":{"line":455,"column":8},"end":{"line":455,"column":52}},"114":{"start":{"line":456,"column":8},"end":{"line":456,"column":58}},"115":{"start":{"line":457,"column":8},"end":{"line":457,"column":56}},"116":{"start":{"line":459,"column":8},"end":{"line":459,"column":96}},"117":{"start":{"line":462,"column":8},"end":{"line":462,"column":56}},"118":{"start":{"line":463,"column":8},"end":{"line":463,"column":74}},"119":{"start":{"line":466,"column":8},"end":{"line":466,"column":54}},"120":{"start":{"line":467,"column":8},"end":{"line":467,"column":80}},"121":{"start":{"line":470,"column":8},"end":{"line":470,"column":28}},"122":{"start":{"line":474,"column":11},"end":{"line":474,"column":19}},"123":{"start":{"line":482,"column":8},"end":{"line":482,"column":59}},"124":{"start":{"line":483,"column":8},"end":{"line":483,"column":59}},"125":{"start":{"line":484,"column":8},"end":{"line":484,"column":40}},"126":{"start":{"line":486,"column":8},"end":{"line":486,"column":50}},"127":{"start":{"line":493,"column":8},"end":{"line":493,"column":19501}},"128":{"start":{"line":494,"column":12},"end":{"line":494,"column":91}},"129":{"start":{"line":495,"column":12},"end":{"line":495,"column":37}},"130":{"start":{"line":498,"column":12},"end":{"line":498,"column":124}},"131":{"start":{"line":499,"column":12},"end":{"line":499,"column":38}},"132":{"start":{"line":504,"column":8},"end":{"line":504,"column":44}},"133":{"start":{"line":505,"column":8},"end":{"line":505,"column":51}},"134":{"start":{"line":506,"column":8},"end":{"line":506,"column":55}},"135":{"start":{"line":507,"column":8},"end":{"line":507,"column":55}}},"branchMap":{"1":{"line":126,"type":"if","locations":[{"start":{"line":126,"column":8},"end":{"line":126,"column":8}},{"start":{"line":126,"column":8},"end":{"line":126,"column":8}}]},"2":{"line":131,"type":"if","locations":[{"start":{"line":131,"column":8},"end":{"line":131,"column":8}},{"start":{"line":131,"column":8},"end":{"line":131,"column":8}}]},"3":{"line":132,"type":"if","locations":[{"start":{"line":132,"column":8},"end":{"line":132,"column":8}},{"start":{"line":132,"column":8},"end":{"line":132,"column":8}}]},"4":{"line":133,"type":"if","locations":[{"start":{"line":133,"column":8},"end":{"line":133,"column":8}},{"start":{"line":133,"column":8},"end":{"line":133,"column":8}}]},"5":{"line":136,"type":"if","locations":[{"start":{"line":136,"column":8},"end":{"line":136,"column":8}},{"start":{"line":136,"column":8},"end":{"line":136,"column":8}}]},"6":{"line":141,"type":"if","locations":[{"start":{"line":141,"column":8},"end":{"line":141,"column":8}},{"start":{"line":141,"column":8},"end":{"line":141,"column":8}}]},"7":{"line":194,"type":"if","locations":[{"start":{"line":194,"column":8},"end":{"line":194,"column":8}},{"start":{"line":194,"column":8},"end":{"line":194,"column":8}}]},"8":{"line":198,"type":"if","locations":[{"start":{"line":198,"column":8},"end":{"line":198,"column":8}},{"start":{"line":198,"column":8},"end":{"line":198,"column":8}}]},"9":{"line":199,"type":"if","locations":[{"start":{"line":199,"column":12},"end":{"line":199,"column":12}},{"start":{"line":199,"column":12},"end":{"line":199,"column":12}}]},"10":{"line":202,"type":"if","locations":[{"start":{"line":202,"column":8},"end":{"line":202,"column":8}},{"start":{"line":202,"column":8},"end":{"line":202,"column":8}}]},"11":{"line":203,"type":"if","locations":[{"start":{"line":203,"column":12},"end":{"line":203,"column":12}},{"start":{"line":203,"column":12},"end":{"line":203,"column":12}}]},"12":{"line":206,"type":"if","locations":[{"start":{"line":206,"column":8},"end":{"line":206,"column":8}},{"start":{"line":206,"column":8},"end":{"line":206,"column":8}}]},"13":{"line":208,"type":"if","locations":[{"start":{"line":208,"column":8},"end":{"line":208,"column":8}},{"start":{"line":208,"column":8},"end":{"line":208,"column":8}}]},"14":{"line":210,"type":"if","locations":[{"start":{"line":210,"column":8},"end":{"line":210,"column":8}},{"start":{"line":210,"column":8},"end":{"line":210,"column":8}}]},"15":{"line":211,"type":"if","locations":[{"start":{"line":211,"column":8},"end":{"line":211,"column":8}},{"start":{"line":211,"column":8},"end":{"line":211,"column":8}}]},"16":{"line":212,"type":"if","locations":[{"start":{"line":212,"column":8},"end":{"line":212,"column":8}},{"start":{"line":212,"column":8},"end":{"line":212,"column":8}}]},"17":{"line":214,"type":"if","locations":[{"start":{"line":214,"column":8},"end":{"line":214,"column":8}},{"start":{"line":214,"column":8},"end":{"line":214,"column":8}}]},"18":{"line":215,"type":"if","locations":[{"start":{"line":215,"column":8},"end":{"line":215,"column":8}},{"start":{"line":215,"column":8},"end":{"line":215,"column":8}}]},"19":{"line":216,"type":"if","locations":[{"start":{"line":216,"column":8},"end":{"line":216,"column":8}},{"start":{"line":216,"column":8},"end":{"line":216,"column":8}}]},"20":{"line":218,"type":"if","locations":[{"start":{"line":218,"column":8},"end":{"line":218,"column":8}},{"start":{"line":218,"column":8},"end":{"line":218,"column":8}}]},"21":{"line":252,"type":"if","locations":[{"start":{"line":252,"column":8},"end":{"line":252,"column":8}},{"start":{"line":252,"column":8},"end":{"line":252,"column":8}}]},"22":{"line":303,"type":"if","locations":[{"start":{"line":303,"column":8},"end":{"line":303,"column":8}},{"start":{"line":303,"column":8},"end":{"line":303,"column":8}}]},"23":{"line":305,"type":"if","locations":[{"start":{"line":305,"column":8},"end":{"line":305,"column":8}},{"start":{"line":305,"column":8},"end":{"line":305,"column":8}}]},"24":{"line":306,"type":"if","locations":[{"start":{"line":306,"column":12},"end":{"line":306,"column":12}},{"start":{"line":306,"column":12},"end":{"line":306,"column":12}}]},"25":{"line":309,"type":"if","locations":[{"start":{"line":309,"column":8},"end":{"line":309,"column":8}},{"start":{"line":309,"column":8},"end":{"line":309,"column":8}}]},"26":{"line":310,"type":"if","locations":[{"start":{"line":310,"column":12},"end":{"line":310,"column":12}},{"start":{"line":310,"column":12},"end":{"line":310,"column":12}}]},"27":{"line":313,"type":"if","locations":[{"start":{"line":313,"column":8},"end":{"line":313,"column":8}},{"start":{"line":313,"column":8},"end":{"line":313,"column":8}}]},"28":{"line":314,"type":"if","locations":[{"start":{"line":314,"column":8},"end":{"line":314,"column":8}},{"start":{"line":314,"column":8},"end":{"line":314,"column":8}}]},"29":{"line":316,"type":"if","locations":[{"start":{"line":316,"column":8},"end":{"line":316,"column":8}},{"start":{"line":316,"column":8},"end":{"line":316,"column":8}}]},"30":{"line":318,"type":"if","locations":[{"start":{"line":318,"column":12},"end":{"line":318,"column":12}},{"start":{"line":318,"column":12},"end":{"line":318,"column":12}}]},"31":{"line":321,"type":"if","locations":[{"start":{"line":321,"column":8},"end":{"line":321,"column":8}},{"start":{"line":321,"column":8},"end":{"line":321,"column":8}}]},"32":{"line":356,"type":"if","locations":[{"start":{"line":356,"column":8},"end":{"line":356,"column":8}},{"start":{"line":356,"column":8},"end":{"line":356,"column":8}}]},"33":{"line":360,"type":"if","locations":[{"start":{"line":360,"column":8},"end":{"line":360,"column":8}},{"start":{"line":360,"column":8},"end":{"line":360,"column":8}}]},"34":{"line":361,"type":"if","locations":[{"start":{"line":361,"column":12},"end":{"line":361,"column":12}},{"start":{"line":361,"column":12},"end":{"line":361,"column":12}}]},"35":{"line":362,"type":"if","locations":[{"start":{"line":362,"column":12},"end":{"line":362,"column":12}},{"start":{"line":362,"column":12},"end":{"line":362,"column":12}}]},"36":{"line":364,"type":"if","locations":[{"start":{"line":364,"column":12},"end":{"line":364,"column":12}},{"start":{"line":364,"column":12},"end":{"line":364,"column":12}}]},"37":{"line":366,"type":"if","locations":[{"start":{"line":366,"column":13},"end":{"line":366,"column":13}},{"start":{"line":366,"column":13},"end":{"line":366,"column":13}}]},"38":{"line":367,"type":"if","locations":[{"start":{"line":367,"column":12},"end":{"line":367,"column":12}},{"start":{"line":367,"column":12},"end":{"line":367,"column":12}}]},"39":{"line":369,"type":"if","locations":[{"start":{"line":369,"column":12},"end":{"line":369,"column":12}},{"start":{"line":369,"column":12},"end":{"line":369,"column":12}}]},"40":{"line":378,"type":"if","locations":[{"start":{"line":378,"column":8},"end":{"line":378,"column":8}},{"start":{"line":378,"column":8},"end":{"line":378,"column":8}}]},"41":{"line":380,"type":"if","locations":[{"start":{"line":380,"column":8},"end":{"line":380,"column":8}},{"start":{"line":380,"column":8},"end":{"line":380,"column":8}}]},"42":{"line":388,"type":"if","locations":[{"start":{"line":388,"column":8},"end":{"line":388,"column":8}},{"start":{"line":388,"column":8},"end":{"line":388,"column":8}}]},"43":{"line":394,"type":"if","locations":[{"start":{"line":394,"column":16},"end":{"line":394,"column":16}},{"start":{"line":394,"column":16},"end":{"line":394,"column":16}}]},"44":{"line":406,"type":"if","locations":[{"start":{"line":406,"column":16},"end":{"line":406,"column":16}},{"start":{"line":406,"column":16},"end":{"line":406,"column":16}}]},"45":{"line":431,"type":"if","locations":[{"start":{"line":431,"column":8},"end":{"line":431,"column":8}},{"start":{"line":431,"column":8},"end":{"line":431,"column":8}}]},"46":{"line":448,"type":"if","locations":[{"start":{"line":448,"column":8},"end":{"line":448,"column":8}},{"start":{"line":448,"column":8},"end":{"line":448,"column":8}}]},"47":{"line":459,"type":"if","locations":[{"start":{"line":459,"column":8},"end":{"line":459,"column":8}},{"start":{"line":459,"column":8},"end":{"line":459,"column":8}}]},"48":{"line":463,"type":"if","locations":[{"start":{"line":463,"column":8},"end":{"line":463,"column":8}},{"start":{"line":463,"column":8},"end":{"line":463,"column":8}}]},"49":{"line":467,"type":"if","locations":[{"start":{"line":467,"column":8},"end":{"line":467,"column":8}},{"start":{"line":467,"column":8},"end":{"line":467,"column":8}}]},"50":{"line":483,"type":"if","locations":[{"start":{"line":483,"column":8},"end":{"line":483,"column":8}},{"start":{"line":483,"column":8},"end":{"line":483,"column":8}}]},"51":{"line":493,"type":"if","locations":[{"start":{"line":493,"column":8},"end":{"line":493,"column":8}},{"start":{"line":493,"column":8},"end":{"line":493,"column":8}}]},"52":{"line":505,"type":"if","locations":[{"start":{"line":505,"column":8},"end":{"line":505,"column":8}},{"start":{"line":505,"column":8},"end":{"line":505,"column":8}}]},"53":{"line":507,"type":"if","locations":[{"start":{"line":507,"column":8},"end":{"line":507,"column":8}},{"start":{"line":507,"column":8},"end":{"line":507,"column":8}}]}}},"contracts\\Launchpad\\SalesTracker.sol":{"l":{"14":0,"18":0,"22":0,"26":0,"30":0},"path":"D:\\Fiverr\\picnic-v2\\Contracts\\contracts\\Launchpad\\SalesTracker.sol","s":{"1":0,"2":0,"3":0,"4":0,"5":0},"b":{},"f":{"1":0,"2":0,"3":0,"4":0,"5":0},"fnMap":{"1":{"name":"addActiveSale","line":13,"loc":{"start":{"line":13,"column":4},"end":{"line":15,"column":4}}},"2":{"name":"removeActiveSale","line":17,"loc":{"start":{"line":17,"column":4},"end":{"line":19,"column":4}}},"3":{"name":"containsActiveSale","line":21,"loc":{"start":{"line":21,"column":4},"end":{"line":23,"column":4}}},"4":{"name":"activeSalesCount","line":25,"loc":{"start":{"line":25,"column":4},"end":{"line":27,"column":4}}},"5":{"name":"activeSalesList","line":29,"loc":{"start":{"line":29,"column":4},"end":{"line":31,"column":4}}}},"statementMap":{"1":{"start":{"line":14,"column":8},"end":{"line":14,"column":53}},"2":{"start":{"line":18,"column":8},"end":{"line":18,"column":56}},"3":{"start":{"line":22,"column":8},"end":{"line":22,"column":58}},"4":{"start":{"line":26,"column":8},"end":{"line":26,"column":49}},"5":{"start":{"line":30,"column":8},"end":{"line":30,"column":42}}},"branchMap":{}},"contracts\\Locker\\ILocker.sol":{"l":{},"path":"D:\\Fiverr\\picnic-v2\\Contracts\\contracts\\Locker\\ILocker.sol","s":{},"b":{},"f":{},"fnMap":{},"statementMap":{},"branchMap":{}},"contracts\\Locker\\Locker.sol":{"l":{"31":8,"32":5,"54":15,"55":15,"60":3,"61":3,"66":1,"71":1},"path":"D:\\Fiverr\\picnic-v2\\Contracts\\contracts\\Locker\\Locker.sol","s":{"1":8,"2":15,"3":15,"4":3,"5":3,"6":1,"7":1},"b":{"1":[5,3]},"f":{"1":8,"2":15,"3":3,"4":1,"5":1},"fnMap":{"1":{"name":"onlyMaster","line":30,"loc":{"start":{"line":30,"column":4},"end":{"line":33,"column":4}}},"2":{"name":"constructor","line":46,"loc":{"start":{"line":46,"column":4},"end":{"line":56,"column":4}}},"3":{"name":"unlockTokens","line":59,"loc":{"start":{"line":59,"column":4},"end":{"line":62,"column":4}}},"4":{"name":"addTokenstoALocker","line":64,"loc":{"start":{"line":64,"column":4},"end":{"line":67,"column":4}}},"5":{"name":"increaseLocktime","line":69,"loc":{"start":{"line":69,"column":4},"end":{"line":72,"column":4}}}},"statementMap":{"1":{"start":{"line":31,"column":8},"end":{"line":31,"column":71}},"2":{"start":{"line":54,"column":8},"end":{"line":54,"column":26}},"3":{"start":{"line":55,"column":8},"end":{"line":55,"column":102}},"4":{"start":{"line":60,"column":8},"end":{"line":60,"column":72}},"5":{"start":{"line":61,"column":8},"end":{"line":61,"column":64}},"6":{"start":{"line":66,"column":8},"end":{"line":66,"column":72}},"7":{"start":{"line":71,"column":8},"end":{"line":71,"column":71}}},"branchMap":{"1":{"line":31,"type":"if","locations":[{"start":{"line":31,"column":8},"end":{"line":31,"column":8}},{"start":{"line":31,"column":8},"end":{"line":31,"column":8}}]}}},"contracts\\Locker\\LokcerFactory.sol":{"l":{"45":11,"46":10,"50":8,"51":7,"52":6,"56":7,"57":6,"58":5,"63":17,"65":17,"66":13,"69":16,"71":15,"73":15,"75":15,"77":15,"89":15,"90":15,"92":15,"94":15,"100":4,"101":4,"103":3,"105":3,"107":3,"108":2,"111":3,"117":3,"118":2,"120":1,"122":1,"124":1,"126":1,"132":3,"133":2,"135":1,"137":1,"138":1,"143":2,"147":4,"151":1,"152":1,"156":2,"157":2,"158":1,"162":13},"path":"D:\\Fiverr\\picnic-v2\\Contracts\\contracts\\Locker\\LokcerFactory.sol","s":{"1":11,"2":8,"3":7,"4":7,"5":6,"6":17,"7":17,"8":13,"9":16,"10":15,"11":15,"12":15,"13":15,"14":15,"15":15,"16":15,"17":4,"18":4,"19":3,"20":3,"21":3,"22":2,"23":3,"24":3,"25":2,"26":1,"27":1,"28":1,"29":1,"30":3,"31":2,"32":1,"33":1,"34":1,"35":2,"36":4,"37":1,"38":1,"39":2,"40":2,"41":1,"42":13},"b":{"1":[10,1],"2":[7,1],"3":[6,1],"4":[6,1],"5":[5,1],"6":[13,4],"7":[12,1],"8":[15,1],"9":[3,1],"10":[2,1],"11":[2,1],"12":[1,1],"13":[2,1],"14":[1,1],"15":[1,1]},"f":{"1":11,"2":8,"3":7,"4":17,"5":4,"6":3,"7":3,"8":2,"9":4,"10":1,"11":2,"12":13},"fnMap":{"1":{"name":"OnlyLockerOnwer","line":44,"loc":{"start":{"line":44,"column":4},"end":{"line":47,"column":4}}},"2":{"name":"NotExpired","line":49,"loc":{"start":{"line":49,"column":4},"end":{"line":53,"column":4}}},"3":{"name":"Expired","line":55,"loc":{"start":{"line":55,"column":4},"end":{"line":59,"column":4}}},"4":{"name":"createLcoker","line":61,"loc":{"start":{"line":61,"column":4},"end":{"line":96,"column":4}}},"5":{"name":"unlockTokens","line":98,"loc":{"start":{"line":98,"column":4},"end":{"line":113,"column":4}}},"6":{"name":"addTokenstoALocker","line":115,"loc":{"start":{"line":115,"column":4},"end":{"line":128,"column":4}}},"7":{"name":"increaseLocktime","line":130,"loc":{"start":{"line":130,"column":4},"end":{"line":140,"column":4}}},"8":{"name":"getLockersListbyUser","line":142,"loc":{"start":{"line":142,"column":4},"end":{"line":144,"column":4}}},"9":{"name":"getLockersListbyToken","line":146,"loc":{"start":{"line":146,"column":4},"end":{"line":148,"column":4}}},"10":{"name":"updateFees","line":150,"loc":{"start":{"line":150,"column":4},"end":{"line":153,"column":4}}},"11":{"name":"withdrawFunds","line":155,"loc":{"start":{"line":155,"column":4},"end":{"line":159,"column":4}}},"12":{"name":"setLaunchPadAddress","line":161,"loc":{"start":{"line":161,"column":4},"end":{"line":163,"column":4}}}},"statementMap":{"1":{"start":{"line":45,"column":8},"end":{"line":45,"column":86}},"2":{"start":{"line":50,"column":8},"end":{"line":50,"column":53}},"3":{"start":{"line":51,"column":8},"end":{"line":51,"column":92}},"4":{"start":{"line":56,"column":8},"end":{"line":56,"column":53}},"5":{"start":{"line":57,"column":8},"end":{"line":57,"column":82}},"6":{"start":{"line":63,"column":8},"end":{"line":63,"column":88}},"7":{"start":{"line":65,"column":8},"end":{"line":65,"column":2085}},"8":{"start":{"line":66,"column":12},"end":{"line":66,"column":64}},"9":{"start":{"line":69,"column":8},"end":{"line":69,"column":67}},"10":{"start":{"line":73,"column":8},"end":{"line":73,"column":90}},"11":{"start":{"line":75,"column":8},"end":{"line":75,"column":71}},"12":{"start":{"line":77,"column":8},"end":{"line":77,"column":2470}},"13":{"start":{"line":89,"column":8},"end":{"line":89,"column":63}},"14":{"start":{"line":90,"column":8},"end":{"line":90,"column":67}},"15":{"start":{"line":92,"column":8},"end":{"line":92,"column":92}},"16":{"start":{"line":94,"column":8},"end":{"line":94,"column":26}},"17":{"start":{"line":100,"column":8},"end":{"line":100,"column":54}},"18":{"start":{"line":101,"column":8},"end":{"line":101,"column":87}},"19":{"start":{"line":103,"column":8},"end":{"line":103,"column":51}},"20":{"start":{"line":105,"column":8},"end":{"line":105,"column":77}},"21":{"start":{"line":107,"column":8},"end":{"line":107,"column":3433}},"22":{"start":{"line":108,"column":12},"end":{"line":108,"column":53}},"23":{"start":{"line":111,"column":8},"end":{"line":111,"column":82}},"24":{"start":{"line":117,"column":8},"end":{"line":117,"column":75}},"25":{"start":{"line":118,"column":8},"end":{"line":118,"column":67}},"26":{"start":{"line":120,"column":8},"end":{"line":120,"column":54}},"27":{"start":{"line":122,"column":8},"end":{"line":122,"column":92}},"28":{"start":{"line":124,"column":8},"end":{"line":124,"column":57}},"29":{"start":{"line":126,"column":8},"end":{"line":126,"column":77}},"30":{"start":{"line":132,"column":8},"end":{"line":132,"column":75}},"31":{"start":{"line":133,"column":8},"end":{"line":133,"column":75}},"32":{"start":{"line":135,"column":8},"end":{"line":135,"column":54}},"33":{"start":{"line":137,"column":8},"end":{"line":137,"column":56}},"34":{"start":{"line":138,"column":8},"end":{"line":138,"column":76}},"35":{"start":{"line":143,"column":8},"end":{"line":143,"column":53}},"36":{"start":{"line":147,"column":8},"end":{"line":147,"column":55}},"37":{"start":{"line":151,"column":8},"end":{"line":151,"column":29}},"38":{"start":{"line":152,"column":8},"end":{"line":152,"column":37}},"39":{"start":{"line":156,"column":8},"end":{"line":156,"column":44}},"40":{"start":{"line":157,"column":8},"end":{"line":157,"column":50}},"41":{"start":{"line":158,"column":8},"end":{"line":158,"column":41}},"42":{"start":{"line":162,"column":8},"end":{"line":162,"column":43}}},"branchMap":{"1":{"line":45,"type":"if","locations":[{"start":{"line":45,"column":8},"end":{"line":45,"column":8}},{"start":{"line":45,"column":8},"end":{"line":45,"column":8}}]},"2":{"line":50,"type":"if","locations":[{"start":{"line":50,"column":8},"end":{"line":50,"column":8}},{"start":{"line":50,"column":8},"end":{"line":50,"column":8}}]},"3":{"line":51,"type":"if","locations":[{"start":{"line":51,"column":8},"end":{"line":51,"column":8}},{"start":{"line":51,"column":8},"end":{"line":51,"column":8}}]},"4":{"line":56,"type":"if","locations":[{"start":{"line":56,"column":8},"end":{"line":56,"column":8}},{"start":{"line":56,"column":8},"end":{"line":56,"column":8}}]},"5":{"line":57,"type":"if","locations":[{"start":{"line":57,"column":8},"end":{"line":57,"column":8}},{"start":{"line":57,"column":8},"end":{"line":57,"column":8}}]},"6":{"line":65,"type":"if","locations":[{"start":{"line":65,"column":8},"end":{"line":65,"column":8}},{"start":{"line":65,"column":8},"end":{"line":65,"column":8}}]},"7":{"line":66,"type":"if","locations":[{"start":{"line":66,"column":12},"end":{"line":66,"column":12}},{"start":{"line":66,"column":12},"end":{"line":66,"column":12}}]},"8":{"line":69,"type":"if","locations":[{"start":{"line":69,"column":8},"end":{"line":69,"column":8}},{"start":{"line":69,"column":8},"end":{"line":69,"column":8}}]},"9":{"line":101,"type":"if","locations":[{"start":{"line":101,"column":8},"end":{"line":101,"column":8}},{"start":{"line":101,"column":8},"end":{"line":101,"column":8}}]},"10":{"line":107,"type":"if","locations":[{"start":{"line":107,"column":8},"end":{"line":107,"column":8}},{"start":{"line":107,"column":8},"end":{"line":107,"column":8}}]},"11":{"line":117,"type":"if","locations":[{"start":{"line":117,"column":8},"end":{"line":117,"column":8}},{"start":{"line":117,"column":8},"end":{"line":117,"column":8}}]},"12":{"line":118,"type":"if","locations":[{"start":{"line":118,"column":8},"end":{"line":118,"column":8}},{"start":{"line":118,"column":8},"end":{"line":118,"column":8}}]},"13":{"line":132,"type":"if","locations":[{"start":{"line":132,"column":8},"end":{"line":132,"column":8}},{"start":{"line":132,"column":8},"end":{"line":132,"column":8}}]},"14":{"line":133,"type":"if","locations":[{"start":{"line":133,"column":8},"end":{"line":133,"column":8}},{"start":{"line":133,"column":8},"end":{"line":133,"column":8}}]},"15":{"line":157,"type":"if","locations":[{"start":{"line":157,"column":8},"end":{"line":157,"column":8}},{"start":{"line":157,"column":8},"end":{"line":157,"column":8}}]}}},"contracts\\Locker\\PICNICLocker.sol":{"l":{"42":0,"43":0,"47":0,"48":0,"52":0,"53":0,"58":0,"59":0,"61":0,"63":0,"65":0,"76":0,"77":0,"79":0,"85":0,"86":0,"88":0,"90":0,"92":0,"93":0,"96":0,"102":0,"103":0,"105":0,"107":0,"113":0,"114":0,"116":0,"121":0,"125":0,"129":0,"130":0,"134":0,"135":0,"136":0},"path":"D:\\Fiverr\\picnic-v2\\Contracts\\contracts\\Locker\\PICNICLocker.sol","s":{"1":0,"2":0,"3":0,"4":0,"5":0,"6":0,"7":0,"8":0,"9":0,"10":0,"11":0,"12":0,"13":0,"14":0,"15":0,"16":0,"17":0,"18":0,"19":0,"20":0,"21":0,"22":0,"23":0,"24":0,"25":0,"26":0,"27":0,"28":0,"29":0,"30":0,"31":0},"b":{"1":[0,0],"2":[0,0],"3":[0,0],"4":[0,0],"5":[0,0],"6":[0,0],"7":[0,0],"8":[0,0],"9":[0,0],"10":[0,0],"11":[0,0],"12":[0,0]},"f":{"1":0,"2":0,"3":0,"4":0,"5":0,"6":0,"7":0,"8":0,"9":0,"10":0,"11":0},"fnMap":{"1":{"name":"OnlyLockerOnwer","line":41,"loc":{"start":{"line":41,"column":4},"end":{"line":44,"column":4}}},"2":{"name":"NotExpired","line":46,"loc":{"start":{"line":46,"column":4},"end":{"line":49,"column":4}}},"3":{"name":"Expired","line":51,"loc":{"start":{"line":51,"column":4},"end":{"line":54,"column":4}}},"4":{"name":"lockTokens","line":57,"loc":{"start":{"line":57,"column":4},"end":{"line":81,"column":4}}},"5":{"name":"unlockTokens","line":83,"loc":{"start":{"line":83,"column":4},"end":{"line":98,"column":4}}},"6":{"name":"addTokenstoALocker","line":100,"loc":{"start":{"line":100,"column":4},"end":{"line":109,"column":4}}},"7":{"name":"increaseLocktime","line":111,"loc":{"start":{"line":111,"column":4},"end":{"line":118,"column":4}}},"8":{"name":"getLockersListbyUser","line":120,"loc":{"start":{"line":120,"column":4},"end":{"line":122,"column":4}}},"9":{"name":"getLockersListbyToken","line":124,"loc":{"start":{"line":124,"column":4},"end":{"line":126,"column":4}}},"10":{"name":"updateFees","line":128,"loc":{"start":{"line":128,"column":4},"end":{"line":131,"column":4}}},"11":{"name":"withdrawFunds","line":133,"loc":{"start":{"line":133,"column":4},"end":{"line":137,"column":4}}}},"statementMap":{"1":{"start":{"line":42,"column":8},"end":{"line":42,"column":81}},"2":{"start":{"line":47,"column":8},"end":{"line":47,"column":87}},"3":{"start":{"line":52,"column":8},"end":{"line":52,"column":77}},"4":{"start":{"line":58,"column":8},"end":{"line":58,"column":58}},"5":{"start":{"line":59,"column":8},"end":{"line":59,"column":81}},"6":{"start":{"line":61,"column":8},"end":{"line":61,"column":77}},"7":{"start":{"line":65,"column":8},"end":{"line":65,"column":1964}},"8":{"start":{"line":76,"column":8},"end":{"line":76,"column":63}},"9":{"start":{"line":77,"column":8},"end":{"line":77,"column":58}},"10":{"start":{"line":79,"column":8},"end":{"line":79,"column":83}},"11":{"start":{"line":85,"column":8},"end":{"line":85,"column":43}},"12":{"start":{"line":86,"column":8},"end":{"line":86,"column":86}},"13":{"start":{"line":88,"column":8},"end":{"line":88,"column":74}},"14":{"start":{"line":90,"column":8},"end":{"line":90,"column":71}},"15":{"start":{"line":92,"column":8},"end":{"line":92,"column":2846}},"16":{"start":{"line":93,"column":12},"end":{"line":93,"column":48}},"17":{"start":{"line":96,"column":8},"end":{"line":96,"column":79}},"18":{"start":{"line":102,"column":8},"end":{"line":102,"column":75}},"19":{"start":{"line":103,"column":8},"end":{"line":103,"column":67}},"20":{"start":{"line":105,"column":8},"end":{"line":105,"column":94}},"21":{"start":{"line":107,"column":8},"end":{"line":107,"column":72}},"22":{"start":{"line":113,"column":8},"end":{"line":113,"column":75}},"23":{"start":{"line":114,"column":8},"end":{"line":114,"column":75}},"24":{"start":{"line":116,"column":8},"end":{"line":116,"column":71}},"25":{"start":{"line":121,"column":8},"end":{"line":121,"column":53}},"26":{"start":{"line":125,"column":8},"end":{"line":125,"column":55}},"27":{"start":{"line":129,"column":8},"end":{"line":129,"column":25}},"28":{"start":{"line":130,"column":8},"end":{"line":130,"column":37}},"29":{"start":{"line":134,"column":8},"end":{"line":134,"column":44}},"30":{"start":{"line":135,"column":8},"end":{"line":135,"column":50}},"31":{"start":{"line":136,"column":8},"end":{"line":136,"column":46}}},"branchMap":{"1":{"line":42,"type":"if","locations":[{"start":{"line":42,"column":8},"end":{"line":42,"column":8}},{"start":{"line":42,"column":8},"end":{"line":42,"column":8}}]},"2":{"line":47,"type":"if","locations":[{"start":{"line":47,"column":8},"end":{"line":47,"column":8}},{"start":{"line":47,"column":8},"end":{"line":47,"column":8}}]},"3":{"line":52,"type":"if","locations":[{"start":{"line":52,"column":8},"end":{"line":52,"column":8}},{"start":{"line":52,"column":8},"end":{"line":52,"column":8}}]},"4":{"line":58,"type":"if","locations":[{"start":{"line":58,"column":8},"end":{"line":58,"column":8}},{"start":{"line":58,"column":8},"end":{"line":58,"column":8}}]},"5":{"line":59,"type":"if","locations":[{"start":{"line":59,"column":8},"end":{"line":59,"column":8}},{"start":{"line":59,"column":8},"end":{"line":59,"column":8}}]},"6":{"line":86,"type":"if","locations":[{"start":{"line":86,"column":8},"end":{"line":86,"column":8}},{"start":{"line":86,"column":8},"end":{"line":86,"column":8}}]},"7":{"line":92,"type":"if","locations":[{"start":{"line":92,"column":8},"end":{"line":92,"column":8}},{"start":{"line":92,"column":8},"end":{"line":92,"column":8}}]},"8":{"line":102,"type":"if","locations":[{"start":{"line":102,"column":8},"end":{"line":102,"column":8}},{"start":{"line":102,"column":8},"end":{"line":102,"column":8}}]},"9":{"line":103,"type":"if","locations":[{"start":{"line":103,"column":8},"end":{"line":103,"column":8}},{"start":{"line":103,"column":8},"end":{"line":103,"column":8}}]},"10":{"line":113,"type":"if","locations":[{"start":{"line":113,"column":8},"end":{"line":113,"column":8}},{"start":{"line":113,"column":8},"end":{"line":113,"column":8}}]},"11":{"line":114,"type":"if","locations":[{"start":{"line":114,"column":8},"end":{"line":114,"column":8}},{"start":{"line":114,"column":8},"end":{"line":114,"column":8}}]},"12":{"line":135,"type":"if","locations":[{"start":{"line":135,"column":8},"end":{"line":135,"column":8}},{"start":{"line":135,"column":8},"end":{"line":135,"column":8}}]}}}}